The system is: Linux - 5.4.0-172-generic - x86_64
Compiling the C compiler identification source file "CMakeCCompilerId.c" succeeded.
Compiler: /opt/gcc-arm-none-eabi/bin/arm-none-eabi-gcc 
Build flags: 
Id flags: -c 

The output was:
0


Compilation of the C compiler identification source "CMakeCCompilerId.c" produced "CMakeCCompilerId.o"

The C compiler identification is GNU, found in "/home/evg/SOFT/Github/GIT/27_Bootloader_2_make/build/CMakeFiles/3.16.3/CompilerIdC/CMakeCCompilerId.o"

Compiling the CXX compiler identification source file "CMakeCXXCompilerId.cpp" succeeded.
Compiler: /opt/gcc-arm-none-eabi/bin/arm-none-eabi-g++ 
Build flags: 
Id flags: -c 

The output was:
0


Compilation of the CXX compiler identification source "CMakeCXXCompilerId.cpp" produced "CMakeCXXCompilerId.o"

The CXX compiler identification is GNU, found in "/home/evg/SOFT/Github/GIT/27_Bootloader_2_make/build/CMakeFiles/3.16.3/CompilerIdCXX/CMakeCXXCompilerId.o"

Checking whether the ASM compiler is GNU using "--version" matched "(GNU assembler)|(GCC)|(Free Software Foundation)":
arm-none-eabi-gcc (Arm GNU Toolchain 13.2.rel1 (Build arm-13.7)) 13.2.1 20231009
Copyright (C) 2023 Free Software Foundation, Inc.
This is free software; see the source for copying conditions.  There is NO
warranty; not even for MERCHANTABILITY or FITNESS FOR A PARTICULAR PURPOSE.

Determining if the C compiler works passed with the following output:
Change Dir: /home/evg/SOFT/Github/GIT/27_Bootloader_2_make/build/CMakeFiles/CMakeTmp

Run Build Command(s):/usr/bin/make cmTC_d70d2/fast && /usr/bin/make -f CMakeFiles/cmTC_d70d2.dir/build.make CMakeFiles/cmTC_d70d2.dir/build
make[1]: вход в каталог «/home/evg/SOFT/Github/GIT/27_Bootloader_2_make/build/CMakeFiles/CMakeTmp»
Building C object CMakeFiles/cmTC_d70d2.dir/testCCompiler.c.o
/opt/gcc-arm-none-eabi/bin/arm-none-eabi-gcc    -o CMakeFiles/cmTC_d70d2.dir/testCCompiler.c.o   -c /home/evg/SOFT/Github/GIT/27_Bootloader_2_make/build/CMakeFiles/CMakeTmp/testCCompiler.c
Linking C static library libcmTC_d70d2.a
/usr/bin/cmake -P CMakeFiles/cmTC_d70d2.dir/cmake_clean_target.cmake
/usr/bin/cmake -E cmake_link_script CMakeFiles/cmTC_d70d2.dir/link.txt --verbose=1
/usr/bin/ar qc libcmTC_d70d2.a  CMakeFiles/cmTC_d70d2.dir/testCCompiler.c.o
/usr/bin/ranlib libcmTC_d70d2.a
make[1]: выход из каталога «/home/evg/SOFT/Github/GIT/27_Bootloader_2_make/build/CMakeFiles/CMakeTmp»



Detecting C compiler ABI info compiled with the following output:
Change Dir: /home/evg/SOFT/Github/GIT/27_Bootloader_2_make/build/CMakeFiles/CMakeTmp

Run Build Command(s):/usr/bin/make cmTC_43837/fast && /usr/bin/make -f CMakeFiles/cmTC_43837.dir/build.make CMakeFiles/cmTC_43837.dir/build
make[1]: Entering directory '/home/evg/SOFT/Github/GIT/27_Bootloader_2_make/build/CMakeFiles/CMakeTmp'
Building C object CMakeFiles/cmTC_43837.dir/CMakeCCompilerABI.c.o
/opt/gcc-arm-none-eabi/bin/arm-none-eabi-gcc   -v -o CMakeFiles/cmTC_43837.dir/CMakeCCompilerABI.c.o   -c /usr/share/cmake-3.16/Modules/CMakeCCompilerABI.c
Using built-in specs.
COLLECT_GCC=/opt/gcc-arm-none-eabi/bin/arm-none-eabi-gcc
Target: arm-none-eabi
Configured with: /data/jenkins/workspace/GNU-toolchain/arm-13/src/gcc/configure --target=arm-none-eabi --prefix=/data/jenkins/workspace/GNU-toolchain/arm-13/build-arm-none-eabi/install --with-gmp=/data/jenkins/workspace/GNU-toolchain/arm-13/build-arm-none-eabi/host-tools --with-mpfr=/data/jenkins/workspace/GNU-toolchain/arm-13/build-arm-none-eabi/host-tools --with-mpc=/data/jenkins/workspace/GNU-toolchain/arm-13/build-arm-none-eabi/host-tools --with-isl=/data/jenkins/workspace/GNU-toolchain/arm-13/build-arm-none-eabi/host-tools --disable-shared --disable-nls --disable-threads --disable-tls --enable-checking=release --enable-languages=c,c++,fortran --with-newlib --with-gnu-as --with-headers=yes --with-gnu-ld --with-native-system-header-dir=/include --with-sysroot=/data/jenkins/workspace/GNU-toolchain/arm-13/build-arm-none-eabi/install/arm-none-eabi --with-multilib-list=aprofile,rmprofile --with-pkgversion='Arm GNU Toolchain 13.2.rel1 (Build arm-13.7)' --with-bugurl=https://bugs.linaro.org/
Thread model: single
Supported LTO compression algorithms: zlib
gcc version 13.2.1 20231009 (Arm GNU Toolchain 13.2.rel1 (Build arm-13.7)) 
COLLECT_GCC_OPTIONS='-v' '-o' 'CMakeFiles/cmTC_43837.dir/CMakeCCompilerABI.c.o' '-c' '-mcpu=arm7tdmi' '-mfloat-abi=soft' '-marm' '-mlibarch=armv4t' '-march=armv4t' '-dumpdir' 'CMakeFiles/cmTC_43837.dir/'
 /opt/gcc-arm-none-eabi/bin/../libexec/gcc/arm-none-eabi/13.2.1/cc1 -quiet -v -iprefix /opt/gcc-arm-none-eabi/bin/../lib/gcc/arm-none-eabi/13.2.1/ -isysroot /opt/gcc-arm-none-eabi/bin/../arm-none-eabi -D__USES_INITFINI__ /usr/share/cmake-3.16/Modules/CMakeCCompilerABI.c -quiet -dumpdir CMakeFiles/cmTC_43837.dir/ -dumpbase CMakeCCompilerABI.c.c -dumpbase-ext .c -mcpu=arm7tdmi -mfloat-abi=soft -marm -mlibarch=armv4t -march=armv4t -version -o /tmp/ccixx6ei.s
GNU C17 (Arm GNU Toolchain 13.2.rel1 (Build arm-13.7)) version 13.2.1 20231009 (arm-none-eabi)
	compiled by GNU C version 4.8.5 20150623 (Red Hat 4.8.5-44), GMP version 6.2.1, MPFR version 3.1.6, MPC version 1.0.3, isl version isl-0.15-1-g835ea3a-GMP

GGC heuristics: --param ggc-min-expand=100 --param ggc-min-heapsize=131072
ignoring duplicate directory "/opt/gcc-arm-none-eabi/bin/../lib/gcc/../../lib/gcc/arm-none-eabi/13.2.1/include"
ignoring nonexistent directory "/opt/gcc-arm-none-eabi/bin/../arm-none-eabi/usr/local/include"
ignoring duplicate directory "/opt/gcc-arm-none-eabi/bin/../lib/gcc/../../lib/gcc/arm-none-eabi/13.2.1/include-fixed"
ignoring duplicate directory "/opt/gcc-arm-none-eabi/bin/../lib/gcc/../../lib/gcc/arm-none-eabi/13.2.1/../../../../arm-none-eabi/include"
ignoring duplicate directory "/opt/gcc-arm-none-eabi/bin/../arm-none-eabi/include"
#include "..." search starts here:
#include <...> search starts here:
 /opt/gcc-arm-none-eabi/bin/../lib/gcc/arm-none-eabi/13.2.1/include
 /opt/gcc-arm-none-eabi/bin/../lib/gcc/arm-none-eabi/13.2.1/include-fixed
 /opt/gcc-arm-none-eabi/bin/../lib/gcc/arm-none-eabi/13.2.1/../../../../arm-none-eabi/include
End of search list.
Compiler executable checksum: 3af492648c23d64f81488ff0afc525a8
COLLECT_GCC_OPTIONS='-v' '-o' 'CMakeFiles/cmTC_43837.dir/CMakeCCompilerABI.c.o' '-c' '-mcpu=arm7tdmi' '-mfloat-abi=soft' '-marm' '-mlibarch=armv4t' '-march=armv4t' '-dumpdir' 'CMakeFiles/cmTC_43837.dir/'
 /opt/gcc-arm-none-eabi/bin/../lib/gcc/arm-none-eabi/13.2.1/../../../../arm-none-eabi/bin/as -v -march=armv4t -mfloat-abi=soft -meabi=5 -o CMakeFiles/cmTC_43837.dir/CMakeCCompilerABI.c.o /tmp/ccixx6ei.s
GNU assembler version 2.41.0 (arm-none-eabi) using BFD version (Arm GNU Toolchain 13.2.rel1 (Build arm-13.7)) 2.41.0.20231009
COMPILER_PATH=/opt/gcc-arm-none-eabi/bin/../libexec/gcc/arm-none-eabi/13.2.1/:/opt/gcc-arm-none-eabi/bin/../libexec/gcc/:/opt/gcc-arm-none-eabi/bin/../lib/gcc/arm-none-eabi/13.2.1/../../../../arm-none-eabi/bin/
LIBRARY_PATH=/opt/gcc-arm-none-eabi/bin/../lib/gcc/arm-none-eabi/13.2.1/:/opt/gcc-arm-none-eabi/bin/../lib/gcc/:/opt/gcc-arm-none-eabi/bin/../lib/gcc/arm-none-eabi/13.2.1/../../../../arm-none-eabi/lib/:/opt/gcc-arm-none-eabi/bin/../arm-none-eabi/lib/
COLLECT_GCC_OPTIONS='-v' '-o' 'CMakeFiles/cmTC_43837.dir/CMakeCCompilerABI.c.o' '-c' '-mcpu=arm7tdmi' '-mfloat-abi=soft' '-marm' '-mlibarch=armv4t' '-march=armv4t' '-dumpdir' 'CMakeFiles/cmTC_43837.dir/CMakeCCompilerABI.c.'
Linking C static library libcmTC_43837.a
/usr/bin/cmake -P CMakeFiles/cmTC_43837.dir/cmake_clean_target.cmake
/usr/bin/cmake -E cmake_link_script CMakeFiles/cmTC_43837.dir/link.txt --verbose=1
/usr/bin/ar qc libcmTC_43837.a  CMakeFiles/cmTC_43837.dir/CMakeCCompilerABI.c.o
/usr/bin/ranlib libcmTC_43837.a
make[1]: Leaving directory '/home/evg/SOFT/Github/GIT/27_Bootloader_2_make/build/CMakeFiles/CMakeTmp'



Parsed C implicit include dir info from above output: rv=done
  found start of include info
  found start of implicit include info
    add: [/opt/gcc-arm-none-eabi/bin/../lib/gcc/arm-none-eabi/13.2.1/include]
    add: [/opt/gcc-arm-none-eabi/bin/../lib/gcc/arm-none-eabi/13.2.1/include-fixed]
    add: [/opt/gcc-arm-none-eabi/bin/../lib/gcc/arm-none-eabi/13.2.1/../../../../arm-none-eabi/include]
  end of search list found
  collapse include dir [/opt/gcc-arm-none-eabi/bin/../lib/gcc/arm-none-eabi/13.2.1/include] ==> [/opt/gcc-arm-none-eabi/lib/gcc/arm-none-eabi/13.2.1/include]
  collapse include dir [/opt/gcc-arm-none-eabi/bin/../lib/gcc/arm-none-eabi/13.2.1/include-fixed] ==> [/opt/gcc-arm-none-eabi/lib/gcc/arm-none-eabi/13.2.1/include-fixed]
  collapse include dir [/opt/gcc-arm-none-eabi/bin/../lib/gcc/arm-none-eabi/13.2.1/../../../../arm-none-eabi/include] ==> [/opt/gcc-arm-none-eabi/arm-none-eabi/include]
  implicit include dirs: [/opt/gcc-arm-none-eabi/lib/gcc/arm-none-eabi/13.2.1/include;/opt/gcc-arm-none-eabi/lib/gcc/arm-none-eabi/13.2.1/include-fixed;/opt/gcc-arm-none-eabi/arm-none-eabi/include]


Parsed C implicit link information from above output:
  link line regex: [^( *|.*[/\])(ld|CMAKE_LINK_STARTFILE-NOTFOUND|([^/\]+-)?ld|collect2)[^/\]*( |$)]
  ignore line: [Change Dir: /home/evg/SOFT/Github/GIT/27_Bootloader_2_make/build/CMakeFiles/CMakeTmp]
  ignore line: []
  ignore line: [Run Build Command(s):/usr/bin/make cmTC_43837/fast && /usr/bin/make -f CMakeFiles/cmTC_43837.dir/build.make CMakeFiles/cmTC_43837.dir/build]
  ignore line: [make[1]: Entering directory '/home/evg/SOFT/Github/GIT/27_Bootloader_2_make/build/CMakeFiles/CMakeTmp']
  ignore line: [Building C object CMakeFiles/cmTC_43837.dir/CMakeCCompilerABI.c.o]
  ignore line: [/opt/gcc-arm-none-eabi/bin/arm-none-eabi-gcc   -v -o CMakeFiles/cmTC_43837.dir/CMakeCCompilerABI.c.o   -c /usr/share/cmake-3.16/Modules/CMakeCCompilerABI.c]
  ignore line: [Using built-in specs.]
  ignore line: [COLLECT_GCC=/opt/gcc-arm-none-eabi/bin/arm-none-eabi-gcc]
  ignore line: [Target: arm-none-eabi]
  ignore line: [Configured with: /data/jenkins/workspace/GNU-toolchain/arm-13/src/gcc/configure --target=arm-none-eabi --prefix=/data/jenkins/workspace/GNU-toolchain/arm-13/build-arm-none-eabi/install --with-gmp=/data/jenkins/workspace/GNU-toolchain/arm-13/build-arm-none-eabi/host-tools --with-mpfr=/data/jenkins/workspace/GNU-toolchain/arm-13/build-arm-none-eabi/host-tools --with-mpc=/data/jenkins/workspace/GNU-toolchain/arm-13/build-arm-none-eabi/host-tools --with-isl=/data/jenkins/workspace/GNU-toolchain/arm-13/build-arm-none-eabi/host-tools --disable-shared --disable-nls --disable-threads --disable-tls --enable-checking=release --enable-languages=c,c++,fortran --with-newlib --with-gnu-as --with-headers=yes --with-gnu-ld --with-native-system-header-dir=/include --with-sysroot=/data/jenkins/workspace/GNU-toolchain/arm-13/build-arm-none-eabi/install/arm-none-eabi --with-multilib-list=aprofile,rmprofile --with-pkgversion='Arm GNU Toolchain 13.2.rel1 (Build arm-13.7)' --with-bugurl=https://bugs.linaro.org/]
  ignore line: [Thread model: single]
  ignore line: [Supported LTO compression algorithms: zlib]
  ignore line: [gcc version 13.2.1 20231009 (Arm GNU Toolchain 13.2.rel1 (Build arm-13.7)) ]
  ignore line: [COLLECT_GCC_OPTIONS='-v' '-o' 'CMakeFiles/cmTC_43837.dir/CMakeCCompilerABI.c.o' '-c' '-mcpu=arm7tdmi' '-mfloat-abi=soft' '-marm' '-mlibarch=armv4t' '-march=armv4t' '-dumpdir' 'CMakeFiles/cmTC_43837.dir/']
  ignore line: [ /opt/gcc-arm-none-eabi/bin/../libexec/gcc/arm-none-eabi/13.2.1/cc1 -quiet -v -iprefix /opt/gcc-arm-none-eabi/bin/../lib/gcc/arm-none-eabi/13.2.1/ -isysroot /opt/gcc-arm-none-eabi/bin/../arm-none-eabi -D__USES_INITFINI__ /usr/share/cmake-3.16/Modules/CMakeCCompilerABI.c -quiet -dumpdir CMakeFiles/cmTC_43837.dir/ -dumpbase CMakeCCompilerABI.c.c -dumpbase-ext .c -mcpu=arm7tdmi -mfloat-abi=soft -marm -mlibarch=armv4t -march=armv4t -version -o /tmp/ccixx6ei.s]
  ignore line: [GNU C17 (Arm GNU Toolchain 13.2.rel1 (Build arm-13.7)) version 13.2.1 20231009 (arm-none-eabi)]
  ignore line: [	compiled by GNU C version 4.8.5 20150623 (Red Hat 4.8.5-44)  GMP version 6.2.1  MPFR version 3.1.6  MPC version 1.0.3  isl version isl-0.15-1-g835ea3a-GMP]
  ignore line: []
  ignore line: [GGC heuristics: --param ggc-min-expand=100 --param ggc-min-heapsize=131072]
  ignore line: [ignoring duplicate directory "/opt/gcc-arm-none-eabi/bin/../lib/gcc/../../lib/gcc/arm-none-eabi/13.2.1/include"]
  ignore line: [ignoring nonexistent directory "/opt/gcc-arm-none-eabi/bin/../arm-none-eabi/usr/local/include"]
  ignore line: [ignoring duplicate directory "/opt/gcc-arm-none-eabi/bin/../lib/gcc/../../lib/gcc/arm-none-eabi/13.2.1/include-fixed"]
  ignore line: [ignoring duplicate directory "/opt/gcc-arm-none-eabi/bin/../lib/gcc/../../lib/gcc/arm-none-eabi/13.2.1/../../../../arm-none-eabi/include"]
  ignore line: [ignoring duplicate directory "/opt/gcc-arm-none-eabi/bin/../arm-none-eabi/include"]
  ignore line: [#include "..." search starts here:]
  ignore line: [#include <...> search starts here:]
  ignore line: [ /opt/gcc-arm-none-eabi/bin/../lib/gcc/arm-none-eabi/13.2.1/include]
  ignore line: [ /opt/gcc-arm-none-eabi/bin/../lib/gcc/arm-none-eabi/13.2.1/include-fixed]
  ignore line: [ /opt/gcc-arm-none-eabi/bin/../lib/gcc/arm-none-eabi/13.2.1/../../../../arm-none-eabi/include]
  ignore line: [End of search list.]
  ignore line: [Compiler executable checksum: 3af492648c23d64f81488ff0afc525a8]
  ignore line: [COLLECT_GCC_OPTIONS='-v' '-o' 'CMakeFiles/cmTC_43837.dir/CMakeCCompilerABI.c.o' '-c' '-mcpu=arm7tdmi' '-mfloat-abi=soft' '-marm' '-mlibarch=armv4t' '-march=armv4t' '-dumpdir' 'CMakeFiles/cmTC_43837.dir/']
  ignore line: [ /opt/gcc-arm-none-eabi/bin/../lib/gcc/arm-none-eabi/13.2.1/../../../../arm-none-eabi/bin/as -v -march=armv4t -mfloat-abi=soft -meabi=5 -o CMakeFiles/cmTC_43837.dir/CMakeCCompilerABI.c.o /tmp/ccixx6ei.s]
  ignore line: [GNU assembler version 2.41.0 (arm-none-eabi) using BFD version (Arm GNU Toolchain 13.2.rel1 (Build arm-13.7)) 2.41.0.20231009]
  ignore line: [COMPILER_PATH=/opt/gcc-arm-none-eabi/bin/../libexec/gcc/arm-none-eabi/13.2.1/:/opt/gcc-arm-none-eabi/bin/../libexec/gcc/:/opt/gcc-arm-none-eabi/bin/../lib/gcc/arm-none-eabi/13.2.1/../../../../arm-none-eabi/bin/]
  ignore line: [LIBRARY_PATH=/opt/gcc-arm-none-eabi/bin/../lib/gcc/arm-none-eabi/13.2.1/:/opt/gcc-arm-none-eabi/bin/../lib/gcc/:/opt/gcc-arm-none-eabi/bin/../lib/gcc/arm-none-eabi/13.2.1/../../../../arm-none-eabi/lib/:/opt/gcc-arm-none-eabi/bin/../arm-none-eabi/lib/]
  ignore line: [COLLECT_GCC_OPTIONS='-v' '-o' 'CMakeFiles/cmTC_43837.dir/CMakeCCompilerABI.c.o' '-c' '-mcpu=arm7tdmi' '-mfloat-abi=soft' '-marm' '-mlibarch=armv4t' '-march=armv4t' '-dumpdir' 'CMakeFiles/cmTC_43837.dir/CMakeCCompilerABI.c.']
  ignore line: [Linking C static library libcmTC_43837.a]
  ignore line: [/usr/bin/cmake -P CMakeFiles/cmTC_43837.dir/cmake_clean_target.cmake]
  ignore line: [/usr/bin/cmake -E cmake_link_script CMakeFiles/cmTC_43837.dir/link.txt --verbose=1]
  ignore line: [/usr/bin/ar qc libcmTC_43837.a  CMakeFiles/cmTC_43837.dir/CMakeCCompilerABI.c.o]
  ignore line: [/usr/bin/ranlib libcmTC_43837.a]
  ignore line: [make[1]: Leaving directory '/home/evg/SOFT/Github/GIT/27_Bootloader_2_make/build/CMakeFiles/CMakeTmp']
  ignore line: []
  ignore line: []
  implicit libs: []
  implicit dirs: []
  implicit fwks: []


Determining if the CXX compiler works passed with the following output:
Change Dir: /home/evg/SOFT/Github/GIT/27_Bootloader_2_make/build/CMakeFiles/CMakeTmp

Run Build Command(s):/usr/bin/make cmTC_b19b4/fast && /usr/bin/make -f CMakeFiles/cmTC_b19b4.dir/build.make CMakeFiles/cmTC_b19b4.dir/build
make[1]: вход в каталог «/home/evg/SOFT/Github/GIT/27_Bootloader_2_make/build/CMakeFiles/CMakeTmp»
Building CXX object CMakeFiles/cmTC_b19b4.dir/testCXXCompiler.cxx.o
/opt/gcc-arm-none-eabi/bin/arm-none-eabi-g++     -o CMakeFiles/cmTC_b19b4.dir/testCXXCompiler.cxx.o -c /home/evg/SOFT/Github/GIT/27_Bootloader_2_make/build/CMakeFiles/CMakeTmp/testCXXCompiler.cxx
Linking CXX static library libcmTC_b19b4.a
/usr/bin/cmake -P CMakeFiles/cmTC_b19b4.dir/cmake_clean_target.cmake
/usr/bin/cmake -E cmake_link_script CMakeFiles/cmTC_b19b4.dir/link.txt --verbose=1
/usr/bin/ar qc libcmTC_b19b4.a  CMakeFiles/cmTC_b19b4.dir/testCXXCompiler.cxx.o
/usr/bin/ranlib libcmTC_b19b4.a
make[1]: выход из каталога «/home/evg/SOFT/Github/GIT/27_Bootloader_2_make/build/CMakeFiles/CMakeTmp»



Detecting CXX compiler ABI info compiled with the following output:
Change Dir: /home/evg/SOFT/Github/GIT/27_Bootloader_2_make/build/CMakeFiles/CMakeTmp

Run Build Command(s):/usr/bin/make cmTC_abf30/fast && /usr/bin/make -f CMakeFiles/cmTC_abf30.dir/build.make CMakeFiles/cmTC_abf30.dir/build
make[1]: Entering directory '/home/evg/SOFT/Github/GIT/27_Bootloader_2_make/build/CMakeFiles/CMakeTmp'
Building CXX object CMakeFiles/cmTC_abf30.dir/CMakeCXXCompilerABI.cpp.o
/opt/gcc-arm-none-eabi/bin/arm-none-eabi-g++    -v -o CMakeFiles/cmTC_abf30.dir/CMakeCXXCompilerABI.cpp.o -c /usr/share/cmake-3.16/Modules/CMakeCXXCompilerABI.cpp
Using built-in specs.
COLLECT_GCC=/opt/gcc-arm-none-eabi/bin/arm-none-eabi-g++
Target: arm-none-eabi
Configured with: /data/jenkins/workspace/GNU-toolchain/arm-13/src/gcc/configure --target=arm-none-eabi --prefix=/data/jenkins/workspace/GNU-toolchain/arm-13/build-arm-none-eabi/install --with-gmp=/data/jenkins/workspace/GNU-toolchain/arm-13/build-arm-none-eabi/host-tools --with-mpfr=/data/jenkins/workspace/GNU-toolchain/arm-13/build-arm-none-eabi/host-tools --with-mpc=/data/jenkins/workspace/GNU-toolchain/arm-13/build-arm-none-eabi/host-tools --with-isl=/data/jenkins/workspace/GNU-toolchain/arm-13/build-arm-none-eabi/host-tools --disable-shared --disable-nls --disable-threads --disable-tls --enable-checking=release --enable-languages=c,c++,fortran --with-newlib --with-gnu-as --with-headers=yes --with-gnu-ld --with-native-system-header-dir=/include --with-sysroot=/data/jenkins/workspace/GNU-toolchain/arm-13/build-arm-none-eabi/install/arm-none-eabi --with-multilib-list=aprofile,rmprofile --with-pkgversion='Arm GNU Toolchain 13.2.rel1 (Build arm-13.7)' --with-bugurl=https://bugs.linaro.org/
Thread model: single
Supported LTO compression algorithms: zlib
gcc version 13.2.1 20231009 (Arm GNU Toolchain 13.2.rel1 (Build arm-13.7)) 
COLLECT_GCC_OPTIONS='-v' '-o' 'CMakeFiles/cmTC_abf30.dir/CMakeCXXCompilerABI.cpp.o' '-c' '-mcpu=arm7tdmi' '-mfloat-abi=soft' '-marm' '-mlibarch=armv4t' '-march=armv4t' '-dumpdir' 'CMakeFiles/cmTC_abf30.dir/'
 /opt/gcc-arm-none-eabi/bin/../libexec/gcc/arm-none-eabi/13.2.1/cc1plus -quiet -v -iprefix /opt/gcc-arm-none-eabi/bin/../lib/gcc/arm-none-eabi/13.2.1/ -isysroot /opt/gcc-arm-none-eabi/bin/../arm-none-eabi -D__USES_INITFINI__ /usr/share/cmake-3.16/Modules/CMakeCXXCompilerABI.cpp -quiet -dumpdir CMakeFiles/cmTC_abf30.dir/ -dumpbase CMakeCXXCompilerABI.cpp.cpp -dumpbase-ext .cpp -mcpu=arm7tdmi -mfloat-abi=soft -marm -mlibarch=armv4t -march=armv4t -version -o /tmp/cc9zKXHh.s
GNU C++17 (Arm GNU Toolchain 13.2.rel1 (Build arm-13.7)) version 13.2.1 20231009 (arm-none-eabi)
	compiled by GNU C version 4.8.5 20150623 (Red Hat 4.8.5-44), GMP version 6.2.1, MPFR version 3.1.6, MPC version 1.0.3, isl version isl-0.15-1-g835ea3a-GMP

GGC heuristics: --param ggc-min-expand=100 --param ggc-min-heapsize=131072
ignoring duplicate directory "/opt/gcc-arm-none-eabi/bin/../lib/gcc/../../lib/gcc/arm-none-eabi/13.2.1/../../../../arm-none-eabi/include/c++/13.2.1"
ignoring duplicate directory "/opt/gcc-arm-none-eabi/bin/../lib/gcc/../../lib/gcc/arm-none-eabi/13.2.1/../../../../arm-none-eabi/include/c++/13.2.1/arm-none-eabi"
ignoring duplicate directory "/opt/gcc-arm-none-eabi/bin/../lib/gcc/../../lib/gcc/arm-none-eabi/13.2.1/../../../../arm-none-eabi/include/c++/13.2.1/backward"
ignoring duplicate directory "/opt/gcc-arm-none-eabi/bin/../lib/gcc/../../lib/gcc/arm-none-eabi/13.2.1/include"
ignoring nonexistent directory "/opt/gcc-arm-none-eabi/bin/../arm-none-eabi/usr/local/include"
ignoring duplicate directory "/opt/gcc-arm-none-eabi/bin/../lib/gcc/../../lib/gcc/arm-none-eabi/13.2.1/include-fixed"
ignoring duplicate directory "/opt/gcc-arm-none-eabi/bin/../lib/gcc/../../lib/gcc/arm-none-eabi/13.2.1/../../../../arm-none-eabi/include"
ignoring duplicate directory "/opt/gcc-arm-none-eabi/bin/../arm-none-eabi/include"
#include "..." search starts here:
#include <...> search starts here:
 /opt/gcc-arm-none-eabi/bin/../lib/gcc/arm-none-eabi/13.2.1/../../../../arm-none-eabi/include/c++/13.2.1
 /opt/gcc-arm-none-eabi/bin/../lib/gcc/arm-none-eabi/13.2.1/../../../../arm-none-eabi/include/c++/13.2.1/arm-none-eabi
 /opt/gcc-arm-none-eabi/bin/../lib/gcc/arm-none-eabi/13.2.1/../../../../arm-none-eabi/include/c++/13.2.1/backward
 /opt/gcc-arm-none-eabi/bin/../lib/gcc/arm-none-eabi/13.2.1/include
 /opt/gcc-arm-none-eabi/bin/../lib/gcc/arm-none-eabi/13.2.1/include-fixed
 /opt/gcc-arm-none-eabi/bin/../lib/gcc/arm-none-eabi/13.2.1/../../../../arm-none-eabi/include
End of search list.
Compiler executable checksum: c5cd373d816abe4682fcfe3b0ef0c0c5
COLLECT_GCC_OPTIONS='-v' '-o' 'CMakeFiles/cmTC_abf30.dir/CMakeCXXCompilerABI.cpp.o' '-c' '-mcpu=arm7tdmi' '-mfloat-abi=soft' '-marm' '-mlibarch=armv4t' '-march=armv4t' '-dumpdir' 'CMakeFiles/cmTC_abf30.dir/'
 /opt/gcc-arm-none-eabi/bin/../lib/gcc/arm-none-eabi/13.2.1/../../../../arm-none-eabi/bin/as -v -march=armv4t -mfloat-abi=soft -meabi=5 -o CMakeFiles/cmTC_abf30.dir/CMakeCXXCompilerABI.cpp.o /tmp/cc9zKXHh.s
GNU assembler version 2.41.0 (arm-none-eabi) using BFD version (Arm GNU Toolchain 13.2.rel1 (Build arm-13.7)) 2.41.0.20231009
COMPILER_PATH=/opt/gcc-arm-none-eabi/bin/../libexec/gcc/arm-none-eabi/13.2.1/:/opt/gcc-arm-none-eabi/bin/../libexec/gcc/:/opt/gcc-arm-none-eabi/bin/../lib/gcc/arm-none-eabi/13.2.1/../../../../arm-none-eabi/bin/
LIBRARY_PATH=/opt/gcc-arm-none-eabi/bin/../lib/gcc/arm-none-eabi/13.2.1/:/opt/gcc-arm-none-eabi/bin/../lib/gcc/:/opt/gcc-arm-none-eabi/bin/../lib/gcc/arm-none-eabi/13.2.1/../../../../arm-none-eabi/lib/:/opt/gcc-arm-none-eabi/bin/../arm-none-eabi/lib/
COLLECT_GCC_OPTIONS='-v' '-o' 'CMakeFiles/cmTC_abf30.dir/CMakeCXXCompilerABI.cpp.o' '-c' '-mcpu=arm7tdmi' '-mfloat-abi=soft' '-marm' '-mlibarch=armv4t' '-march=armv4t' '-dumpdir' 'CMakeFiles/cmTC_abf30.dir/CMakeCXXCompilerABI.cpp.'
Linking CXX static library libcmTC_abf30.a
/usr/bin/cmake -P CMakeFiles/cmTC_abf30.dir/cmake_clean_target.cmake
/usr/bin/cmake -E cmake_link_script CMakeFiles/cmTC_abf30.dir/link.txt --verbose=1
/usr/bin/ar qc libcmTC_abf30.a  CMakeFiles/cmTC_abf30.dir/CMakeCXXCompilerABI.cpp.o
/usr/bin/ranlib libcmTC_abf30.a
make[1]: Leaving directory '/home/evg/SOFT/Github/GIT/27_Bootloader_2_make/build/CMakeFiles/CMakeTmp'



Parsed CXX implicit include dir info from above output: rv=done
  found start of include info
  found start of implicit include info
    add: [/opt/gcc-arm-none-eabi/bin/../lib/gcc/arm-none-eabi/13.2.1/../../../../arm-none-eabi/include/c++/13.2.1]
    add: [/opt/gcc-arm-none-eabi/bin/../lib/gcc/arm-none-eabi/13.2.1/../../../../arm-none-eabi/include/c++/13.2.1/arm-none-eabi]
    add: [/opt/gcc-arm-none-eabi/bin/../lib/gcc/arm-none-eabi/13.2.1/../../../../arm-none-eabi/include/c++/13.2.1/backward]
    add: [/opt/gcc-arm-none-eabi/bin/../lib/gcc/arm-none-eabi/13.2.1/include]
    add: [/opt/gcc-arm-none-eabi/bin/../lib/gcc/arm-none-eabi/13.2.1/include-fixed]
    add: [/opt/gcc-arm-none-eabi/bin/../lib/gcc/arm-none-eabi/13.2.1/../../../../arm-none-eabi/include]
  end of search list found
  collapse include dir [/opt/gcc-arm-none-eabi/bin/../lib/gcc/arm-none-eabi/13.2.1/../../../../arm-none-eabi/include/c++/13.2.1] ==> [/opt/gcc-arm-none-eabi/arm-none-eabi/include/c++/13.2.1]
  collapse include dir [/opt/gcc-arm-none-eabi/bin/../lib/gcc/arm-none-eabi/13.2.1/../../../../arm-none-eabi/include/c++/13.2.1/arm-none-eabi] ==> [/opt/gcc-arm-none-eabi/arm-none-eabi/include/c++/13.2.1/arm-none-eabi]
  collapse include dir [/opt/gcc-arm-none-eabi/bin/../lib/gcc/arm-none-eabi/13.2.1/../../../../arm-none-eabi/include/c++/13.2.1/backward] ==> [/opt/gcc-arm-none-eabi/arm-none-eabi/include/c++/13.2.1/backward]
  collapse include dir [/opt/gcc-arm-none-eabi/bin/../lib/gcc/arm-none-eabi/13.2.1/include] ==> [/opt/gcc-arm-none-eabi/lib/gcc/arm-none-eabi/13.2.1/include]
  collapse include dir [/opt/gcc-arm-none-eabi/bin/../lib/gcc/arm-none-eabi/13.2.1/include-fixed] ==> [/opt/gcc-arm-none-eabi/lib/gcc/arm-none-eabi/13.2.1/include-fixed]
  collapse include dir [/opt/gcc-arm-none-eabi/bin/../lib/gcc/arm-none-eabi/13.2.1/../../../../arm-none-eabi/include] ==> [/opt/gcc-arm-none-eabi/arm-none-eabi/include]
  implicit include dirs: [/opt/gcc-arm-none-eabi/arm-none-eabi/include/c++/13.2.1;/opt/gcc-arm-none-eabi/arm-none-eabi/include/c++/13.2.1/arm-none-eabi;/opt/gcc-arm-none-eabi/arm-none-eabi/include/c++/13.2.1/backward;/opt/gcc-arm-none-eabi/lib/gcc/arm-none-eabi/13.2.1/include;/opt/gcc-arm-none-eabi/lib/gcc/arm-none-eabi/13.2.1/include-fixed;/opt/gcc-arm-none-eabi/arm-none-eabi/include]


Parsed CXX implicit link information from above output:
  link line regex: [^( *|.*[/\])(ld|CMAKE_LINK_STARTFILE-NOTFOUND|([^/\]+-)?ld|collect2)[^/\]*( |$)]
  ignore line: [Change Dir: /home/evg/SOFT/Github/GIT/27_Bootloader_2_make/build/CMakeFiles/CMakeTmp]
  ignore line: []
  ignore line: [Run Build Command(s):/usr/bin/make cmTC_abf30/fast && /usr/bin/make -f CMakeFiles/cmTC_abf30.dir/build.make CMakeFiles/cmTC_abf30.dir/build]
  ignore line: [make[1]: Entering directory '/home/evg/SOFT/Github/GIT/27_Bootloader_2_make/build/CMakeFiles/CMakeTmp']
  ignore line: [Building CXX object CMakeFiles/cmTC_abf30.dir/CMakeCXXCompilerABI.cpp.o]
  ignore line: [/opt/gcc-arm-none-eabi/bin/arm-none-eabi-g++    -v -o CMakeFiles/cmTC_abf30.dir/CMakeCXXCompilerABI.cpp.o -c /usr/share/cmake-3.16/Modules/CMakeCXXCompilerABI.cpp]
  ignore line: [Using built-in specs.]
  ignore line: [COLLECT_GCC=/opt/gcc-arm-none-eabi/bin/arm-none-eabi-g++]
  ignore line: [Target: arm-none-eabi]
  ignore line: [Configured with: /data/jenkins/workspace/GNU-toolchain/arm-13/src/gcc/configure --target=arm-none-eabi --prefix=/data/jenkins/workspace/GNU-toolchain/arm-13/build-arm-none-eabi/install --with-gmp=/data/jenkins/workspace/GNU-toolchain/arm-13/build-arm-none-eabi/host-tools --with-mpfr=/data/jenkins/workspace/GNU-toolchain/arm-13/build-arm-none-eabi/host-tools --with-mpc=/data/jenkins/workspace/GNU-toolchain/arm-13/build-arm-none-eabi/host-tools --with-isl=/data/jenkins/workspace/GNU-toolchain/arm-13/build-arm-none-eabi/host-tools --disable-shared --disable-nls --disable-threads --disable-tls --enable-checking=release --enable-languages=c,c++,fortran --with-newlib --with-gnu-as --with-headers=yes --with-gnu-ld --with-native-system-header-dir=/include --with-sysroot=/data/jenkins/workspace/GNU-toolchain/arm-13/build-arm-none-eabi/install/arm-none-eabi --with-multilib-list=aprofile,rmprofile --with-pkgversion='Arm GNU Toolchain 13.2.rel1 (Build arm-13.7)' --with-bugurl=https://bugs.linaro.org/]
  ignore line: [Thread model: single]
  ignore line: [Supported LTO compression algorithms: zlib]
  ignore line: [gcc version 13.2.1 20231009 (Arm GNU Toolchain 13.2.rel1 (Build arm-13.7)) ]
  ignore line: [COLLECT_GCC_OPTIONS='-v' '-o' 'CMakeFiles/cmTC_abf30.dir/CMakeCXXCompilerABI.cpp.o' '-c' '-mcpu=arm7tdmi' '-mfloat-abi=soft' '-marm' '-mlibarch=armv4t' '-march=armv4t' '-dumpdir' 'CMakeFiles/cmTC_abf30.dir/']
  ignore line: [ /opt/gcc-arm-none-eabi/bin/../libexec/gcc/arm-none-eabi/13.2.1/cc1plus -quiet -v -iprefix /opt/gcc-arm-none-eabi/bin/../lib/gcc/arm-none-eabi/13.2.1/ -isysroot /opt/gcc-arm-none-eabi/bin/../arm-none-eabi -D__USES_INITFINI__ /usr/share/cmake-3.16/Modules/CMakeCXXCompilerABI.cpp -quiet -dumpdir CMakeFiles/cmTC_abf30.dir/ -dumpbase CMakeCXXCompilerABI.cpp.cpp -dumpbase-ext .cpp -mcpu=arm7tdmi -mfloat-abi=soft -marm -mlibarch=armv4t -march=armv4t -version -o /tmp/cc9zKXHh.s]
  ignore line: [GNU C++17 (Arm GNU Toolchain 13.2.rel1 (Build arm-13.7)) version 13.2.1 20231009 (arm-none-eabi)]
  ignore line: [	compiled by GNU C version 4.8.5 20150623 (Red Hat 4.8.5-44)  GMP version 6.2.1  MPFR version 3.1.6  MPC version 1.0.3  isl version isl-0.15-1-g835ea3a-GMP]
  ignore line: []
  ignore line: [GGC heuristics: --param ggc-min-expand=100 --param ggc-min-heapsize=131072]
  ignore line: [ignoring duplicate directory "/opt/gcc-arm-none-eabi/bin/../lib/gcc/../../lib/gcc/arm-none-eabi/13.2.1/../../../../arm-none-eabi/include/c++/13.2.1"]
  ignore line: [ignoring duplicate directory "/opt/gcc-arm-none-eabi/bin/../lib/gcc/../../lib/gcc/arm-none-eabi/13.2.1/../../../../arm-none-eabi/include/c++/13.2.1/arm-none-eabi"]
  ignore line: [ignoring duplicate directory "/opt/gcc-arm-none-eabi/bin/../lib/gcc/../../lib/gcc/arm-none-eabi/13.2.1/../../../../arm-none-eabi/include/c++/13.2.1/backward"]
  ignore line: [ignoring duplicate directory "/opt/gcc-arm-none-eabi/bin/../lib/gcc/../../lib/gcc/arm-none-eabi/13.2.1/include"]
  ignore line: [ignoring nonexistent directory "/opt/gcc-arm-none-eabi/bin/../arm-none-eabi/usr/local/include"]
  ignore line: [ignoring duplicate directory "/opt/gcc-arm-none-eabi/bin/../lib/gcc/../../lib/gcc/arm-none-eabi/13.2.1/include-fixed"]
  ignore line: [ignoring duplicate directory "/opt/gcc-arm-none-eabi/bin/../lib/gcc/../../lib/gcc/arm-none-eabi/13.2.1/../../../../arm-none-eabi/include"]
  ignore line: [ignoring duplicate directory "/opt/gcc-arm-none-eabi/bin/../arm-none-eabi/include"]
  ignore line: [#include "..." search starts here:]
  ignore line: [#include <...> search starts here:]
  ignore line: [ /opt/gcc-arm-none-eabi/bin/../lib/gcc/arm-none-eabi/13.2.1/../../../../arm-none-eabi/include/c++/13.2.1]
  ignore line: [ /opt/gcc-arm-none-eabi/bin/../lib/gcc/arm-none-eabi/13.2.1/../../../../arm-none-eabi/include/c++/13.2.1/arm-none-eabi]
  ignore line: [ /opt/gcc-arm-none-eabi/bin/../lib/gcc/arm-none-eabi/13.2.1/../../../../arm-none-eabi/include/c++/13.2.1/backward]
  ignore line: [ /opt/gcc-arm-none-eabi/bin/../lib/gcc/arm-none-eabi/13.2.1/include]
  ignore line: [ /opt/gcc-arm-none-eabi/bin/../lib/gcc/arm-none-eabi/13.2.1/include-fixed]
  ignore line: [ /opt/gcc-arm-none-eabi/bin/../lib/gcc/arm-none-eabi/13.2.1/../../../../arm-none-eabi/include]
  ignore line: [End of search list.]
  ignore line: [Compiler executable checksum: c5cd373d816abe4682fcfe3b0ef0c0c5]
  ignore line: [COLLECT_GCC_OPTIONS='-v' '-o' 'CMakeFiles/cmTC_abf30.dir/CMakeCXXCompilerABI.cpp.o' '-c' '-mcpu=arm7tdmi' '-mfloat-abi=soft' '-marm' '-mlibarch=armv4t' '-march=armv4t' '-dumpdir' 'CMakeFiles/cmTC_abf30.dir/']
  ignore line: [ /opt/gcc-arm-none-eabi/bin/../lib/gcc/arm-none-eabi/13.2.1/../../../../arm-none-eabi/bin/as -v -march=armv4t -mfloat-abi=soft -meabi=5 -o CMakeFiles/cmTC_abf30.dir/CMakeCXXCompilerABI.cpp.o /tmp/cc9zKXHh.s]
  ignore line: [GNU assembler version 2.41.0 (arm-none-eabi) using BFD version (Arm GNU Toolchain 13.2.rel1 (Build arm-13.7)) 2.41.0.20231009]
  ignore line: [COMPILER_PATH=/opt/gcc-arm-none-eabi/bin/../libexec/gcc/arm-none-eabi/13.2.1/:/opt/gcc-arm-none-eabi/bin/../libexec/gcc/:/opt/gcc-arm-none-eabi/bin/../lib/gcc/arm-none-eabi/13.2.1/../../../../arm-none-eabi/bin/]
  ignore line: [LIBRARY_PATH=/opt/gcc-arm-none-eabi/bin/../lib/gcc/arm-none-eabi/13.2.1/:/opt/gcc-arm-none-eabi/bin/../lib/gcc/:/opt/gcc-arm-none-eabi/bin/../lib/gcc/arm-none-eabi/13.2.1/../../../../arm-none-eabi/lib/:/opt/gcc-arm-none-eabi/bin/../arm-none-eabi/lib/]
  ignore line: [COLLECT_GCC_OPTIONS='-v' '-o' 'CMakeFiles/cmTC_abf30.dir/CMakeCXXCompilerABI.cpp.o' '-c' '-mcpu=arm7tdmi' '-mfloat-abi=soft' '-marm' '-mlibarch=armv4t' '-march=armv4t' '-dumpdir' 'CMakeFiles/cmTC_abf30.dir/CMakeCXXCompilerABI.cpp.']
  ignore line: [Linking CXX static library libcmTC_abf30.a]
  ignore line: [/usr/bin/cmake -P CMakeFiles/cmTC_abf30.dir/cmake_clean_target.cmake]
  ignore line: [/usr/bin/cmake -E cmake_link_script CMakeFiles/cmTC_abf30.dir/link.txt --verbose=1]
  ignore line: [/usr/bin/ar qc libcmTC_abf30.a  CMakeFiles/cmTC_abf30.dir/CMakeCXXCompilerABI.cpp.o]
  ignore line: [/usr/bin/ranlib libcmTC_abf30.a]
  ignore line: [make[1]: Leaving directory '/home/evg/SOFT/Github/GIT/27_Bootloader_2_make/build/CMakeFiles/CMakeTmp']
  ignore line: []
  ignore line: []
  implicit libs: []
  implicit dirs: []
  implicit fwks: []


