The system is: Linux - 5.4.0-94-generic - x86_64
Compiling the C compiler identification source file "CMakeCCompilerId.c" succeeded.
Compiler: /home/evg/toolchain/gcc-arm-none-eabi-new/bin/arm-none-eabi-gcc 
Build flags: 
Id flags: -c 

The output was:
0


Compilation of the C compiler identification source "CMakeCCompilerId.c" produced "CMakeCCompilerId.o"

The C compiler identification is GNU, found in "/home/evg/SOFT/Github/GIT/2_ips2_CMake/build/CMakeFiles/3.21.1/CompilerIdC/CMakeCCompilerId.o"

Checking whether the ASM compiler is GNU using "--version" matched "(GNU assembler)|(GCC)|(Free Software Foundation)":
arm-none-eabi-gcc (GNU Arm Embedded Toolchain 10.3-2021.10) 10.3.1 20210824 (release)
Copyright (C) 2020 Free Software Foundation, Inc.
This is free software; see the source for copying conditions.  There is NO
warranty; not even for MERCHANTABILITY or FITNESS FOR A PARTICULAR PURPOSE.

Detecting C compiler ABI info compiled with the following output:
Change Dir: /home/evg/SOFT/Github/GIT/2_ips2_CMake/build/CMakeFiles/CMakeTmp

Run Build Command(s):/usr/bin/make -f Makefile cmTC_2bf7a/fast && /usr/bin/make  -f CMakeFiles/cmTC_2bf7a.dir/build.make CMakeFiles/cmTC_2bf7a.dir/build
make[1]: Entering directory '/home/evg/SOFT/Github/GIT/2_ips2_CMake/build/CMakeFiles/CMakeTmp'
Building C object CMakeFiles/cmTC_2bf7a.dir/CMakeCCompilerABI.c.o
/home/evg/toolchain/gcc-arm-none-eabi-new/bin/arm-none-eabi-gcc   -v -o CMakeFiles/cmTC_2bf7a.dir/CMakeCCompilerABI.c.o -c /home/evg/Qt/Tools/CMake/share/cmake-3.21/Modules/CMakeCCompilerABI.c
Using built-in specs.
COLLECT_GCC=/home/evg/toolchain/gcc-arm-none-eabi-new/bin/arm-none-eabi-gcc
Target: arm-none-eabi
Configured with: /mnt/workspace/workspace/GCC-10-pipeline/jenkins-GCC-10-pipeline-338_20211018_1634516203/src/gcc/configure --target=arm-none-eabi --prefix=/mnt/workspace/workspace/GCC-10-pipeline/jenkins-GCC-10-pipeline-338_20211018_1634516203/install-native --libexecdir=/mnt/workspace/workspace/GCC-10-pipeline/jenkins-GCC-10-pipeline-338_20211018_1634516203/install-native/lib --infodir=/mnt/workspace/workspace/GCC-10-pipeline/jenkins-GCC-10-pipeline-338_20211018_1634516203/install-native/share/doc/gcc-arm-none-eabi/info --mandir=/mnt/workspace/workspace/GCC-10-pipeline/jenkins-GCC-10-pipeline-338_20211018_1634516203/install-native/share/doc/gcc-arm-none-eabi/man --htmldir=/mnt/workspace/workspace/GCC-10-pipeline/jenkins-GCC-10-pipeline-338_20211018_1634516203/install-native/share/doc/gcc-arm-none-eabi/html --pdfdir=/mnt/workspace/workspace/GCC-10-pipeline/jenkins-GCC-10-pipeline-338_20211018_1634516203/install-native/share/doc/gcc-arm-none-eabi/pdf --enable-languages=c,c++ --enable-plugins --disable-decimal-float --disable-libffi --disable-libgomp --disable-libmudflap --disable-libquadmath --disable-libssp --disable-libstdcxx-pch --disable-nls --disable-shared --disable-threads --disable-tls --with-gnu-as --with-gnu-ld --with-newlib --with-headers=yes --with-python-dir=share/gcc-arm-none-eabi --with-sysroot=/mnt/workspace/workspace/GCC-10-pipeline/jenkins-GCC-10-pipeline-338_20211018_1634516203/install-native/arm-none-eabi --build=x86_64-linux-gnu --host=x86_64-linux-gnu --with-gmp=/mnt/workspace/workspace/GCC-10-pipeline/jenkins-GCC-10-pipeline-338_20211018_1634516203/build-native/host-libs/usr --with-mpfr=/mnt/workspace/workspace/GCC-10-pipeline/jenkins-GCC-10-pipeline-338_20211018_1634516203/build-native/host-libs/usr --with-mpc=/mnt/workspace/workspace/GCC-10-pipeline/jenkins-GCC-10-pipeline-338_20211018_1634516203/build-native/host-libs/usr --with-isl=/mnt/workspace/workspace/GCC-10-pipeline/jenkins-GCC-10-pipeline-338_20211018_1634516203/build-native/host-libs/usr --with-libelf=/mnt/workspace/workspace/GCC-10-pipeline/jenkins-GCC-10-pipeline-338_20211018_1634516203/build-native/host-libs/usr --with-host-libstdcxx='-static-libgcc -Wl,-Bstatic,-lstdc++,-Bdynamic -lm' --with-pkgversion='GNU Arm Embedded Toolchain 10.3-2021.10' --with-multilib-list=rmprofile,aprofile
Thread model: single
Supported LTO compression algorithms: zlib
gcc version 10.3.1 20210824 (release) (GNU Arm Embedded Toolchain 10.3-2021.10) 
COLLECT_GCC_OPTIONS='-v' '-o' 'CMakeFiles/cmTC_2bf7a.dir/CMakeCCompilerABI.c.o' '-c' '-mcpu=arm7tdmi' '-mfloat-abi=soft' '-marm' '-mlibarch=armv4t' '-march=armv4t'
 /home/evg/toolchain/gcc-arm-none-eabi-new/bin/../lib/gcc/arm-none-eabi/10.3.1/cc1 -quiet -v -iprefix /home/evg/toolchain/gcc-arm-none-eabi-new/bin/../lib/gcc/arm-none-eabi/10.3.1/ -isysroot /home/evg/toolchain/gcc-arm-none-eabi-new/bin/../arm-none-eabi -D__USES_INITFINI__ /home/evg/Qt/Tools/CMake/share/cmake-3.21/Modules/CMakeCCompilerABI.c -quiet -dumpbase CMakeCCompilerABI.c -mcpu=arm7tdmi -mfloat-abi=soft -marm -mlibarch=armv4t -march=armv4t -auxbase-strip CMakeFiles/cmTC_2bf7a.dir/CMakeCCompilerABI.c.o -version -o /tmp/ccavluMB.s
GNU C17 (GNU Arm Embedded Toolchain 10.3-2021.10) version 10.3.1 20210824 (release) (arm-none-eabi)
	compiled by GNU C version 4.8.4, GMP version 6.1.0, MPFR version 3.1.4, MPC version 1.0.3, isl version isl-0.18-GMP

GGC heuristics: --param ggc-min-expand=100 --param ggc-min-heapsize=131072
ignoring duplicate directory "/home/evg/toolchain/gcc-arm-none-eabi-new/bin/../lib/gcc/../../lib/gcc/arm-none-eabi/10.3.1/include"
ignoring nonexistent directory "/home/evg/toolchain/gcc-arm-none-eabi-new/bin/../arm-none-eabi/usr/local/include"
ignoring duplicate directory "/home/evg/toolchain/gcc-arm-none-eabi-new/bin/../lib/gcc/../../lib/gcc/arm-none-eabi/10.3.1/include-fixed"
ignoring duplicate directory "/home/evg/toolchain/gcc-arm-none-eabi-new/bin/../lib/gcc/../../lib/gcc/arm-none-eabi/10.3.1/../../../../arm-none-eabi/include"
ignoring nonexistent directory "/home/evg/toolchain/gcc-arm-none-eabi-new/bin/../arm-none-eabi/usr/include"
#include "..." search starts here:
#include <...> search starts here:
 /home/evg/toolchain/gcc-arm-none-eabi-new/bin/../lib/gcc/arm-none-eabi/10.3.1/include
 /home/evg/toolchain/gcc-arm-none-eabi-new/bin/../lib/gcc/arm-none-eabi/10.3.1/include-fixed
 /home/evg/toolchain/gcc-arm-none-eabi-new/bin/../lib/gcc/arm-none-eabi/10.3.1/../../../../arm-none-eabi/include
End of search list.
GNU C17 (GNU Arm Embedded Toolchain 10.3-2021.10) version 10.3.1 20210824 (release) (arm-none-eabi)
	compiled by GNU C version 4.8.4, GMP version 6.1.0, MPFR version 3.1.4, MPC version 1.0.3, isl version isl-0.18-GMP

GGC heuristics: --param ggc-min-expand=100 --param ggc-min-heapsize=131072
Compiler executable checksum: ada28fdd13bdd399f195284d34df0081
COLLECT_GCC_OPTIONS='-v' '-o' 'CMakeFiles/cmTC_2bf7a.dir/CMakeCCompilerABI.c.o' '-c' '-mcpu=arm7tdmi' '-mfloat-abi=soft' '-marm' '-mlibarch=armv4t' '-march=armv4t'
 /home/evg/toolchain/gcc-arm-none-eabi-new/bin/../lib/gcc/arm-none-eabi/10.3.1/../../../../arm-none-eabi/bin/as -v -march=armv4t -mfloat-abi=soft -meabi=5 -o CMakeFiles/cmTC_2bf7a.dir/CMakeCCompilerABI.c.o /tmp/ccavluMB.s
GNU assembler version 2.36.1 (arm-none-eabi) using BFD version (GNU Arm Embedded Toolchain 10.3-2021.10) 2.36.1.20210621
COMPILER_PATH=/home/evg/toolchain/gcc-arm-none-eabi-new/bin/../lib/gcc/arm-none-eabi/10.3.1/:/home/evg/toolchain/gcc-arm-none-eabi-new/bin/../lib/gcc/:/home/evg/toolchain/gcc-arm-none-eabi-new/bin/../lib/gcc/arm-none-eabi/10.3.1/../../../../arm-none-eabi/bin/
LIBRARY_PATH=/home/evg/toolchain/gcc-arm-none-eabi-new/bin/../lib/gcc/arm-none-eabi/10.3.1/:/home/evg/toolchain/gcc-arm-none-eabi-new/bin/../lib/gcc/:/home/evg/toolchain/gcc-arm-none-eabi-new/bin/../lib/gcc/arm-none-eabi/10.3.1/../../../../arm-none-eabi/lib/:/home/evg/toolchain/gcc-arm-none-eabi-new/bin/../arm-none-eabi/lib/
COLLECT_GCC_OPTIONS='-v' '-o' 'CMakeFiles/cmTC_2bf7a.dir/CMakeCCompilerABI.c.o' '-c' '-mcpu=arm7tdmi' '-mfloat-abi=soft' '-marm' '-mlibarch=armv4t' '-march=armv4t'
Linking C static library libcmTC_2bf7a.a
/home/evg/Qt/Tools/CMake/bin/cmake -P CMakeFiles/cmTC_2bf7a.dir/cmake_clean_target.cmake
/home/evg/Qt/Tools/CMake/bin/cmake -E cmake_link_script CMakeFiles/cmTC_2bf7a.dir/link.txt --verbose=1
/home/evg/toolchain/gcc-arm-none-eabi-new/bin/arm-none-eabi-ar qc libcmTC_2bf7a.a CMakeFiles/cmTC_2bf7a.dir/CMakeCCompilerABI.c.o
/home/evg/toolchain/gcc-arm-none-eabi-new/bin/arm-none-eabi-ranlib libcmTC_2bf7a.a
make[1]: Leaving directory '/home/evg/SOFT/Github/GIT/2_ips2_CMake/build/CMakeFiles/CMakeTmp'



Parsed C implicit include dir info from above output: rv=done
  found start of include info
  found start of implicit include info
    add: [/home/evg/toolchain/gcc-arm-none-eabi-new/bin/../lib/gcc/arm-none-eabi/10.3.1/include]
    add: [/home/evg/toolchain/gcc-arm-none-eabi-new/bin/../lib/gcc/arm-none-eabi/10.3.1/include-fixed]
    add: [/home/evg/toolchain/gcc-arm-none-eabi-new/bin/../lib/gcc/arm-none-eabi/10.3.1/../../../../arm-none-eabi/include]
  end of search list found
  collapse include dir [/home/evg/toolchain/gcc-arm-none-eabi-new/bin/../lib/gcc/arm-none-eabi/10.3.1/include] ==> [/home/evg/toolchain/gcc-arm-none-eabi-new/lib/gcc/arm-none-eabi/10.3.1/include]
  collapse include dir [/home/evg/toolchain/gcc-arm-none-eabi-new/bin/../lib/gcc/arm-none-eabi/10.3.1/include-fixed] ==> [/home/evg/toolchain/gcc-arm-none-eabi-new/lib/gcc/arm-none-eabi/10.3.1/include-fixed]
  collapse include dir [/home/evg/toolchain/gcc-arm-none-eabi-new/bin/../lib/gcc/arm-none-eabi/10.3.1/../../../../arm-none-eabi/include] ==> [/home/evg/toolchain/gcc-arm-none-eabi-new/arm-none-eabi/include]
  implicit include dirs: [/home/evg/toolchain/gcc-arm-none-eabi-new/lib/gcc/arm-none-eabi/10.3.1/include;/home/evg/toolchain/gcc-arm-none-eabi-new/lib/gcc/arm-none-eabi/10.3.1/include-fixed;/home/evg/toolchain/gcc-arm-none-eabi-new/arm-none-eabi/include]


Parsed C implicit link information from above output:
  link line regex: [^( *|.*[/\])(arm-none-eabi-ld|CMAKE_LINK_STARTFILE-NOTFOUND|([^/\]+-)?ld|collect2)[^/\]*( |$)]
  ignore line: [Change Dir: /home/evg/SOFT/Github/GIT/2_ips2_CMake/build/CMakeFiles/CMakeTmp]
  ignore line: []
  ignore line: [Run Build Command(s):/usr/bin/make -f Makefile cmTC_2bf7a/fast && /usr/bin/make  -f CMakeFiles/cmTC_2bf7a.dir/build.make CMakeFiles/cmTC_2bf7a.dir/build]
  ignore line: [make[1]: Entering directory '/home/evg/SOFT/Github/GIT/2_ips2_CMake/build/CMakeFiles/CMakeTmp']
  ignore line: [Building C object CMakeFiles/cmTC_2bf7a.dir/CMakeCCompilerABI.c.o]
  ignore line: [/home/evg/toolchain/gcc-arm-none-eabi-new/bin/arm-none-eabi-gcc   -v -o CMakeFiles/cmTC_2bf7a.dir/CMakeCCompilerABI.c.o -c /home/evg/Qt/Tools/CMake/share/cmake-3.21/Modules/CMakeCCompilerABI.c]
  ignore line: [Using built-in specs.]
  ignore line: [COLLECT_GCC=/home/evg/toolchain/gcc-arm-none-eabi-new/bin/arm-none-eabi-gcc]
  ignore line: [Target: arm-none-eabi]
  ignore line: [Configured with: /mnt/workspace/workspace/GCC-10-pipeline/jenkins-GCC-10-pipeline-338_20211018_1634516203/src/gcc/configure --target=arm-none-eabi --prefix=/mnt/workspace/workspace/GCC-10-pipeline/jenkins-GCC-10-pipeline-338_20211018_1634516203/install-native --libexecdir=/mnt/workspace/workspace/GCC-10-pipeline/jenkins-GCC-10-pipeline-338_20211018_1634516203/install-native/lib --infodir=/mnt/workspace/workspace/GCC-10-pipeline/jenkins-GCC-10-pipeline-338_20211018_1634516203/install-native/share/doc/gcc-arm-none-eabi/info --mandir=/mnt/workspace/workspace/GCC-10-pipeline/jenkins-GCC-10-pipeline-338_20211018_1634516203/install-native/share/doc/gcc-arm-none-eabi/man --htmldir=/mnt/workspace/workspace/GCC-10-pipeline/jenkins-GCC-10-pipeline-338_20211018_1634516203/install-native/share/doc/gcc-arm-none-eabi/html --pdfdir=/mnt/workspace/workspace/GCC-10-pipeline/jenkins-GCC-10-pipeline-338_20211018_1634516203/install-native/share/doc/gcc-arm-none-eabi/pdf --enable-languages=c,c++ --enable-plugins --disable-decimal-float --disable-libffi --disable-libgomp --disable-libmudflap --disable-libquadmath --disable-libssp --disable-libstdcxx-pch --disable-nls --disable-shared --disable-threads --disable-tls --with-gnu-as --with-gnu-ld --with-newlib --with-headers=yes --with-python-dir=share/gcc-arm-none-eabi --with-sysroot=/mnt/workspace/workspace/GCC-10-pipeline/jenkins-GCC-10-pipeline-338_20211018_1634516203/install-native/arm-none-eabi --build=x86_64-linux-gnu --host=x86_64-linux-gnu --with-gmp=/mnt/workspace/workspace/GCC-10-pipeline/jenkins-GCC-10-pipeline-338_20211018_1634516203/build-native/host-libs/usr --with-mpfr=/mnt/workspace/workspace/GCC-10-pipeline/jenkins-GCC-10-pipeline-338_20211018_1634516203/build-native/host-libs/usr --with-mpc=/mnt/workspace/workspace/GCC-10-pipeline/jenkins-GCC-10-pipeline-338_20211018_1634516203/build-native/host-libs/usr --with-isl=/mnt/workspace/workspace/GCC-10-pipeline/jenkins-GCC-10-pipeline-338_20211018_1634516203/build-native/host-libs/usr --with-libelf=/mnt/workspace/workspace/GCC-10-pipeline/jenkins-GCC-10-pipeline-338_20211018_1634516203/build-native/host-libs/usr --with-host-libstdcxx='-static-libgcc -Wl,-Bstatic,-lstdc++,-Bdynamic -lm' --with-pkgversion='GNU Arm Embedded Toolchain 10.3-2021.10' --with-multilib-list=rmprofile,aprofile]
  ignore line: [Thread model: single]
  ignore line: [Supported LTO compression algorithms: zlib]
  ignore line: [gcc version 10.3.1 20210824 (release) (GNU Arm Embedded Toolchain 10.3-2021.10) ]
  ignore line: [COLLECT_GCC_OPTIONS='-v' '-o' 'CMakeFiles/cmTC_2bf7a.dir/CMakeCCompilerABI.c.o' '-c' '-mcpu=arm7tdmi' '-mfloat-abi=soft' '-marm' '-mlibarch=armv4t' '-march=armv4t']
  ignore line: [ /home/evg/toolchain/gcc-arm-none-eabi-new/bin/../lib/gcc/arm-none-eabi/10.3.1/cc1 -quiet -v -iprefix /home/evg/toolchain/gcc-arm-none-eabi-new/bin/../lib/gcc/arm-none-eabi/10.3.1/ -isysroot /home/evg/toolchain/gcc-arm-none-eabi-new/bin/../arm-none-eabi -D__USES_INITFINI__ /home/evg/Qt/Tools/CMake/share/cmake-3.21/Modules/CMakeCCompilerABI.c -quiet -dumpbase CMakeCCompilerABI.c -mcpu=arm7tdmi -mfloat-abi=soft -marm -mlibarch=armv4t -march=armv4t -auxbase-strip CMakeFiles/cmTC_2bf7a.dir/CMakeCCompilerABI.c.o -version -o /tmp/ccavluMB.s]
  ignore line: [GNU C17 (GNU Arm Embedded Toolchain 10.3-2021.10) version 10.3.1 20210824 (release) (arm-none-eabi)]
  ignore line: [	compiled by GNU C version 4.8.4  GMP version 6.1.0  MPFR version 3.1.4  MPC version 1.0.3  isl version isl-0.18-GMP]
  ignore line: []
  ignore line: [GGC heuristics: --param ggc-min-expand=100 --param ggc-min-heapsize=131072]
  ignore line: [ignoring duplicate directory "/home/evg/toolchain/gcc-arm-none-eabi-new/bin/../lib/gcc/../../lib/gcc/arm-none-eabi/10.3.1/include"]
  ignore line: [ignoring nonexistent directory "/home/evg/toolchain/gcc-arm-none-eabi-new/bin/../arm-none-eabi/usr/local/include"]
  ignore line: [ignoring duplicate directory "/home/evg/toolchain/gcc-arm-none-eabi-new/bin/../lib/gcc/../../lib/gcc/arm-none-eabi/10.3.1/include-fixed"]
  ignore line: [ignoring duplicate directory "/home/evg/toolchain/gcc-arm-none-eabi-new/bin/../lib/gcc/../../lib/gcc/arm-none-eabi/10.3.1/../../../../arm-none-eabi/include"]
  ignore line: [ignoring nonexistent directory "/home/evg/toolchain/gcc-arm-none-eabi-new/bin/../arm-none-eabi/usr/include"]
  ignore line: [#include "..." search starts here:]
  ignore line: [#include <...> search starts here:]
  ignore line: [ /home/evg/toolchain/gcc-arm-none-eabi-new/bin/../lib/gcc/arm-none-eabi/10.3.1/include]
  ignore line: [ /home/evg/toolchain/gcc-arm-none-eabi-new/bin/../lib/gcc/arm-none-eabi/10.3.1/include-fixed]
  ignore line: [ /home/evg/toolchain/gcc-arm-none-eabi-new/bin/../lib/gcc/arm-none-eabi/10.3.1/../../../../arm-none-eabi/include]
  ignore line: [End of search list.]
  ignore line: [GNU C17 (GNU Arm Embedded Toolchain 10.3-2021.10) version 10.3.1 20210824 (release) (arm-none-eabi)]
  ignore line: [	compiled by GNU C version 4.8.4  GMP version 6.1.0  MPFR version 3.1.4  MPC version 1.0.3  isl version isl-0.18-GMP]
  ignore line: []
  ignore line: [GGC heuristics: --param ggc-min-expand=100 --param ggc-min-heapsize=131072]
  ignore line: [Compiler executable checksum: ada28fdd13bdd399f195284d34df0081]
  ignore line: [COLLECT_GCC_OPTIONS='-v' '-o' 'CMakeFiles/cmTC_2bf7a.dir/CMakeCCompilerABI.c.o' '-c' '-mcpu=arm7tdmi' '-mfloat-abi=soft' '-marm' '-mlibarch=armv4t' '-march=armv4t']
  ignore line: [ /home/evg/toolchain/gcc-arm-none-eabi-new/bin/../lib/gcc/arm-none-eabi/10.3.1/../../../../arm-none-eabi/bin/as -v -march=armv4t -mfloat-abi=soft -meabi=5 -o CMakeFiles/cmTC_2bf7a.dir/CMakeCCompilerABI.c.o /tmp/ccavluMB.s]
  ignore line: [GNU assembler version 2.36.1 (arm-none-eabi) using BFD version (GNU Arm Embedded Toolchain 10.3-2021.10) 2.36.1.20210621]
  ignore line: [COMPILER_PATH=/home/evg/toolchain/gcc-arm-none-eabi-new/bin/../lib/gcc/arm-none-eabi/10.3.1/:/home/evg/toolchain/gcc-arm-none-eabi-new/bin/../lib/gcc/:/home/evg/toolchain/gcc-arm-none-eabi-new/bin/../lib/gcc/arm-none-eabi/10.3.1/../../../../arm-none-eabi/bin/]
  ignore line: [LIBRARY_PATH=/home/evg/toolchain/gcc-arm-none-eabi-new/bin/../lib/gcc/arm-none-eabi/10.3.1/:/home/evg/toolchain/gcc-arm-none-eabi-new/bin/../lib/gcc/:/home/evg/toolchain/gcc-arm-none-eabi-new/bin/../lib/gcc/arm-none-eabi/10.3.1/../../../../arm-none-eabi/lib/:/home/evg/toolchain/gcc-arm-none-eabi-new/bin/../arm-none-eabi/lib/]
  ignore line: [COLLECT_GCC_OPTIONS='-v' '-o' 'CMakeFiles/cmTC_2bf7a.dir/CMakeCCompilerABI.c.o' '-c' '-mcpu=arm7tdmi' '-mfloat-abi=soft' '-marm' '-mlibarch=armv4t' '-march=armv4t']
  ignore line: [Linking C static library libcmTC_2bf7a.a]
  ignore line: [/home/evg/Qt/Tools/CMake/bin/cmake -P CMakeFiles/cmTC_2bf7a.dir/cmake_clean_target.cmake]
  ignore line: [/home/evg/Qt/Tools/CMake/bin/cmake -E cmake_link_script CMakeFiles/cmTC_2bf7a.dir/link.txt --verbose=1]
  ignore line: [/home/evg/toolchain/gcc-arm-none-eabi-new/bin/arm-none-eabi-ar qc libcmTC_2bf7a.a CMakeFiles/cmTC_2bf7a.dir/CMakeCCompilerABI.c.o]
  ignore line: [/home/evg/toolchain/gcc-arm-none-eabi-new/bin/arm-none-eabi-ranlib libcmTC_2bf7a.a]
  ignore line: [make[1]: Leaving directory '/home/evg/SOFT/Github/GIT/2_ips2_CMake/build/CMakeFiles/CMakeTmp']
  ignore line: []
  ignore line: []
  implicit libs: []
  implicit objs: []
  implicit dirs: []
  implicit fwks: []


