Compiling the C compiler identification source file "CMakeCCompilerId.c" failed.
Compiler: /usr/bin/arm-none-eabi-gcc 
Build flags: -mcpu=cortex-m3;;;;;;;;;;-mthumb;;;;;-mthumb-interwork;;;;;-ffunction-sections;;;;;-fdata-sections;;;;;-g;;;;;-fno-common;;;;;-fmessage-length=0;;;;;-Xlinker;-Map=.map;;;;;;-std=gnu99
Id flags:  

The output was:
1
/usr/lib/gcc/arm-none-eabi/9.2.1/../../../arm-none-eabi/bin/ld: /usr/lib/gcc/arm-none-eabi/9.2.1/../../../arm-none-eabi/lib/thumb/v7-m/nofp/libg.a(lib_a-exit.o): in function `exit':
/build/newlib-CVVEyx/newlib-3.3.0/build/arm-none-eabi/thumb/v7-m/nofp/newlib/libc/stdlib/../../../../../../../../newlib/libc/stdlib/exit.c:64: undefined reference to `_exit'
collect2: error: ld returned 1 exit status


Compiling the CXX compiler identification source file "CMakeCXXCompilerId.cpp" failed.
Compiler: /usr/bin/arm-none-eabi-g++ 
Build flags: -mcpu=cortex-m3;;;;;;;;;;-mthumb;;;;;-mthumb-interwork;;;;;-ffunction-sections;;;;;-fdata-sections;;;;;-g;;;;;-fno-common;;;;;-fmessage-length=0;;;;;-Xlinker;-Map=.map;;;;;;-std=c++11
Id flags:  

The output was:
1
/usr/lib/gcc/arm-none-eabi/9.2.1/../../../arm-none-eabi/bin/ld: /usr/lib/gcc/arm-none-eabi/9.2.1/../../../arm-none-eabi/lib/thumb/v7-m/nofp/libg.a(lib_a-exit.o): in function `exit':
/build/newlib-CVVEyx/newlib-3.3.0/build/arm-none-eabi/thumb/v7-m/nofp/newlib/libc/stdlib/../../../../../../../../newlib/libc/stdlib/exit.c:64: undefined reference to `_exit'
collect2: error: ld returned 1 exit status


Detecting C compiler ABI info failed to compile with the following output:
Change Dir: /home/evg/SOFT/Github/GIT/11_Converter/STM32F103/build/CMakeFiles/CMakeTmp

Run Build Command(s):/usr/bin/make -f Makefile cmTC_09418/fast && /usr/bin/make  -f CMakeFiles/cmTC_09418.dir/build.make CMakeFiles/cmTC_09418.dir/build
make[1]: Entering directory '/home/evg/SOFT/Github/GIT/11_Converter/STM32F103/build/CMakeFiles/CMakeTmp'
Building C object CMakeFiles/cmTC_09418.dir/CMakeCCompilerABI.c.obj
/usr/bin/arm-none-eabi-gcc   -mcpu=cortex-m3          -mthumb     -mthumb-interwork     -ffunction-sections     -fdata-sections     -g     -fno-common     -fmessage-length=0     -Xlinker -Map=.map      -std=gnu99    -v -o CMakeFiles/cmTC_09418.dir/CMakeCCompilerABI.c.obj -c /home/evg/Qt/Tools/CMake/share/cmake-3.21/Modules/CMakeCCompilerABI.c
Using built-in specs.
COLLECT_GCC=/usr/bin/arm-none-eabi-gcc
Target: arm-none-eabi
Configured with: ../configure --build=x86_64-linux-gnu --prefix=/usr --includedir='/usr/lib/include' --mandir='/usr/lib/share/man' --infodir='/usr/lib/share/info' --sysconfdir=/etc --localstatedir=/var --disable-silent-rules --libdir='/usr/lib/lib/x86_64-linux-gnu' --libexecdir='/usr/lib/lib/x86_64-linux-gnu' --disable-maintainer-mode --disable-dependency-tracking --mandir=/usr/share/man --enable-languages=c,c++,lto --enable-multilib --disable-decimal-float --disable-libffi --disable-libgomp --disable-libmudflap --disable-libquadmath --disable-libssp --disable-libstdcxx-pch --disable-nls --disable-shared --disable-threads --enable-tls --build=x86_64-linux-gnu --target=arm-none-eabi --with-system-zlib --with-gnu-as --with-gnu-ld --with-pkgversion=15:9-2019-q4-0ubuntu1 --without-included-gettext --prefix=/usr/lib --infodir=/usr/share/doc/gcc-arm-none-eabi/info --htmldir=/usr/share/doc/gcc-arm-none-eabi/html --pdfdir=/usr/share/doc/gcc-arm-none-eabi/pdf --bindir=/usr/bin --libexecdir=/usr/lib --libdir=/usr/lib --disable-libstdc++-v3 --host=x86_64-linux-gnu --with-headers=no --without-newlib --with-multilib-list=rmprofile CFLAGS='-g -O2 -fdebug-prefix-map=/build/gcc-arm-none-eabi-Gl9kT9/gcc-arm-none-eabi-9-2019-q4=. -fstack-protector-strong' CPPFLAGS='-Wdate-time -D_FORTIFY_SOURCE=2' CXXFLAGS='-g -O2 -fdebug-prefix-map=/build/gcc-arm-none-eabi-Gl9kT9/gcc-arm-none-eabi-9-2019-q4=. -fstack-protector-strong' FCFLAGS='-g -O2 -fdebug-prefix-map=/build/gcc-arm-none-eabi-Gl9kT9/gcc-arm-none-eabi-9-2019-q4=. -fstack-protector-strong' FFLAGS='-g -O2 -fdebug-prefix-map=/build/gcc-arm-none-eabi-Gl9kT9/gcc-arm-none-eabi-9-2019-q4=. -fstack-protector-strong' GCJFLAGS='-g -O2 -fdebug-prefix-map=/build/gcc-arm-none-eabi-Gl9kT9/gcc-arm-none-eabi-9-2019-q4=. -fstack-protector-strong' LDFLAGS='-Wl,-Bsymbolic-functions -Wl,-z,relro' OBJCFLAGS='-g -O2 -fdebug-prefix-map=/build/gcc-arm-none-eabi-Gl9kT9/gcc-arm-none-eabi-9-2019-q4=. -fstack-protector-strong' OBJCXXFLAGS='-g -O2 -fdebug-prefix-map=/build/gcc-arm-none-eabi-Gl9kT9/gcc-arm-none-eabi-9-2019-q4=. -fstack-protector-strong' INHIBIT_LIBC_CFLAGS=-DUSE_TM_CLONE_REGISTRY=0 AR_FOR_TARGET=arm-none-eabi-ar AS_FOR_TARGET=arm-none-eabi-as LD_FOR_TARGET=arm-none-eabi-ld NM_FOR_TARGET=arm-none-eabi-nm OBJDUMP_FOR_TARGET=arm-none-eabi-objdump RANLIB_FOR_TARGET=arm-none-eabi-ranlib READELF_FOR_TARGET=arm-none-eabi-readelf STRIP_FOR_TARGET=arm-none-eabi-strip
Thread model: single
gcc version 9.2.1 20191025 (release) [ARM/arm-9-branch revision 277599] (15:9-2019-q4-0ubuntu1) 
COLLECT_GCC_OPTIONS='-mcpu=cortex-m3' '-mthumb' '-mthumb-interwork' '-ffunction-sections' '-fdata-sections' '-g' '-fno-common' '-fmessage-length=0' '-std=gnu99' '-v' '-o' 'CMakeFiles/cmTC_09418.dir/CMakeCCompilerABI.c.obj' '-c' '-mfloat-abi=soft' '-march=armv7-m'
 /usr/lib/gcc/arm-none-eabi/9.2.1/cc1 -quiet -v -imultilib thumb/v7-m/nofp -D__USES_INITFINI__ /home/evg/Qt/Tools/CMake/share/cmake-3.21/Modules/CMakeCCompilerABI.c -quiet -dumpbase CMakeCCompilerABI.c -mcpu=cortex-m3 -mthumb -mthumb-interwork -mfloat-abi=soft -march=armv7-m -auxbase-strip CMakeFiles/cmTC_09418.dir/CMakeCCompilerABI.c.obj -g -std=gnu99 -version -ffunction-sections -fdata-sections -fno-common -fmessage-length=0 -o /tmp/ccMYehZd.s
GNU C99 (15:9-2019-q4-0ubuntu1) version 9.2.1 20191025 (release) [ARM/arm-9-branch revision 277599] (arm-none-eabi)
	compiled by GNU C version 9.2.1 20200306, GMP version 6.2.0, MPFR version 4.0.2, MPC version 1.1.0, isl version isl-0.22.1-GMP

GGC heuristics: --param ggc-min-expand=100 --param ggc-min-heapsize=131072
ignoring nonexistent directory "/usr/lib/gcc/arm-none-eabi/9.2.1/../../../arm-none-eabi/sys-include"
#include "..." search starts here:
#include <...> search starts here:
 /usr/lib/gcc/arm-none-eabi/9.2.1/include
 /usr/lib/gcc/arm-none-eabi/9.2.1/include-fixed
 /usr/lib/gcc/arm-none-eabi/9.2.1/../../../arm-none-eabi/include
End of search list.
GNU C99 (15:9-2019-q4-0ubuntu1) version 9.2.1 20191025 (release) [ARM/arm-9-branch revision 277599] (arm-none-eabi)
	compiled by GNU C version 9.2.1 20200306, GMP version 6.2.0, MPFR version 4.0.2, MPC version 1.1.0, isl version isl-0.22.1-GMP

GGC heuristics: --param ggc-min-expand=100 --param ggc-min-heapsize=131072
Compiler executable checksum: 66eaa5baf4e6721a1f372763dea5d447
COLLECT_GCC_OPTIONS='-mcpu=cortex-m3' '-mthumb' '-mthumb-interwork' '-ffunction-sections' '-fdata-sections' '-g' '-fno-common' '-fmessage-length=0' '-std=gnu99' '-v' '-o' 'CMakeFiles/cmTC_09418.dir/CMakeCCompilerABI.c.obj' '-c' '-mfloat-abi=soft' '-march=armv7-m'
 /usr/lib/gcc/arm-none-eabi/9.2.1/../../../arm-none-eabi/bin/as -v -march=armv7-m -mthumb-interwork -mfloat-abi=soft -meabi=5 -o CMakeFiles/cmTC_09418.dir/CMakeCCompilerABI.c.obj /tmp/ccMYehZd.s
GNU assembler version 2.34 (arm-none-eabi) using BFD version (2.34-4ubuntu1+13ubuntu1) 2.34
COMPILER_PATH=/usr/lib/gcc/arm-none-eabi/9.2.1/:/usr/lib/gcc/arm-none-eabi/9.2.1/:/usr/lib/gcc/arm-none-eabi/:/usr/lib/gcc/arm-none-eabi/9.2.1/:/usr/lib/gcc/arm-none-eabi/:/usr/lib/gcc/arm-none-eabi/9.2.1/../../../arm-none-eabi/bin/
LIBRARY_PATH=/usr/lib/gcc/arm-none-eabi/9.2.1/thumb/v7-m/nofp/:/usr/lib/gcc/arm-none-eabi/9.2.1/../../../arm-none-eabi/lib/thumb/v7-m/nofp/:/usr/lib/gcc/arm-none-eabi/9.2.1/:/usr/lib/gcc/arm-none-eabi/9.2.1/../../../arm-none-eabi/lib/
COLLECT_GCC_OPTIONS='-mcpu=cortex-m3' '-mthumb' '-mthumb-interwork' '-ffunction-sections' '-fdata-sections' '-g' '-fno-common' '-fmessage-length=0' '-std=gnu99' '-v' '-o' 'CMakeFiles/cmTC_09418.dir/CMakeCCompilerABI.c.obj' '-c' '-mfloat-abi=soft' '-march=armv7-m'
Linking C executable cmTC_09418
/home/evg/Qt/Tools/CMake/bin/cmake -E cmake_link_script CMakeFiles/cmTC_09418.dir/link.txt --verbose=1
/usr/bin/arm-none-eabi-gcc -mcpu=cortex-m3          -mthumb     -mthumb-interwork     -ffunction-sections     -fdata-sections     -g     -fno-common     -fmessage-length=0     -Xlinker -Map=.map      -std=gnu99  -Wl,-gc-sections,--print-memory-usage     -T /home/evg/SOFT/Github/GIT/11_Converter/STM32F103/stm32f103rct6.ld -v CMakeFiles/cmTC_09418.dir/CMakeCCompilerABI.c.obj -o cmTC_09418 
Using built-in specs.
COLLECT_GCC=/usr/bin/arm-none-eabi-gcc
COLLECT_LTO_WRAPPER=/usr/lib/gcc/arm-none-eabi/9.2.1/lto-wrapper
Target: arm-none-eabi
Configured with: ../configure --build=x86_64-linux-gnu --prefix=/usr --includedir='/usr/lib/include' --mandir='/usr/lib/share/man' --infodir='/usr/lib/share/info' --sysconfdir=/etc --localstatedir=/var --disable-silent-rules --libdir='/usr/lib/lib/x86_64-linux-gnu' --libexecdir='/usr/lib/lib/x86_64-linux-gnu' --disable-maintainer-mode --disable-dependency-tracking --mandir=/usr/share/man --enable-languages=c,c++,lto --enable-multilib --disable-decimal-float --disable-libffi --disable-libgomp --disable-libmudflap --disable-libquadmath --disable-libssp --disable-libstdcxx-pch --disable-nls --disable-shared --disable-threads --enable-tls --build=x86_64-linux-gnu --target=arm-none-eabi --with-system-zlib --with-gnu-as --with-gnu-ld --with-pkgversion=15:9-2019-q4-0ubuntu1 --without-included-gettext --prefix=/usr/lib --infodir=/usr/share/doc/gcc-arm-none-eabi/info --htmldir=/usr/share/doc/gcc-arm-none-eabi/html --pdfdir=/usr/share/doc/gcc-arm-none-eabi/pdf --bindir=/usr/bin --libexecdir=/usr/lib --libdir=/usr/lib --disable-libstdc++-v3 --host=x86_64-linux-gnu --with-headers=no --without-newlib --with-multilib-list=rmprofile CFLAGS='-g -O2 -fdebug-prefix-map=/build/gcc-arm-none-eabi-Gl9kT9/gcc-arm-none-eabi-9-2019-q4=. -fstack-protector-strong' CPPFLAGS='-Wdate-time -D_FORTIFY_SOURCE=2' CXXFLAGS='-g -O2 -fdebug-prefix-map=/build/gcc-arm-none-eabi-Gl9kT9/gcc-arm-none-eabi-9-2019-q4=. -fstack-protector-strong' FCFLAGS='-g -O2 -fdebug-prefix-map=/build/gcc-arm-none-eabi-Gl9kT9/gcc-arm-none-eabi-9-2019-q4=. -fstack-protector-strong' FFLAGS='-g -O2 -fdebug-prefix-map=/build/gcc-arm-none-eabi-Gl9kT9/gcc-arm-none-eabi-9-2019-q4=. -fstack-protector-strong' GCJFLAGS='-g -O2 -fdebug-prefix-map=/build/gcc-arm-none-eabi-Gl9kT9/gcc-arm-none-eabi-9-2019-q4=. -fstack-protector-strong' LDFLAGS='-Wl,-Bsymbolic-functions -Wl,-z,relro' OBJCFLAGS='-g -O2 -fdebug-prefix-map=/build/gcc-arm-none-eabi-Gl9kT9/gcc-arm-none-eabi-9-2019-q4=. -fstack-protector-strong' OBJCXXFLAGS='-g -O2 -fdebug-prefix-map=/build/gcc-arm-none-eabi-Gl9kT9/gcc-arm-none-eabi-9-2019-q4=. -fstack-protector-strong' INHIBIT_LIBC_CFLAGS=-DUSE_TM_CLONE_REGISTRY=0 AR_FOR_TARGET=arm-none-eabi-ar AS_FOR_TARGET=arm-none-eabi-as LD_FOR_TARGET=arm-none-eabi-ld NM_FOR_TARGET=arm-none-eabi-nm OBJDUMP_FOR_TARGET=arm-none-eabi-objdump RANLIB_FOR_TARGET=arm-none-eabi-ranlib READELF_FOR_TARGET=arm-none-eabi-readelf STRIP_FOR_TARGET=arm-none-eabi-strip
Thread model: single
gcc version 9.2.1 20191025 (release) [ARM/arm-9-branch revision 277599] (15:9-2019-q4-0ubuntu1) 
COMPILER_PATH=/usr/lib/gcc/arm-none-eabi/9.2.1/:/usr/lib/gcc/arm-none-eabi/9.2.1/:/usr/lib/gcc/arm-none-eabi/:/usr/lib/gcc/arm-none-eabi/9.2.1/:/usr/lib/gcc/arm-none-eabi/:/usr/lib/gcc/arm-none-eabi/9.2.1/../../../arm-none-eabi/bin/
LIBRARY_PATH=/usr/lib/gcc/arm-none-eabi/9.2.1/thumb/v7-m/nofp/:/usr/lib/gcc/arm-none-eabi/9.2.1/../../../arm-none-eabi/lib/thumb/v7-m/nofp/:/usr/lib/gcc/arm-none-eabi/9.2.1/:/usr/lib/gcc/arm-none-eabi/9.2.1/../../../arm-none-eabi/lib/
COLLECT_GCC_OPTIONS='-mcpu=cortex-m3' '-mthumb' '-mthumb-interwork' '-ffunction-sections' '-fdata-sections' '-g' '-fno-common' '-fmessage-length=0' '-std=gnu99' '-T' '/home/evg/SOFT/Github/GIT/11_Converter/STM32F103/stm32f103rct6.ld' '-v' '-o' 'cmTC_09418' '-mfloat-abi=soft' '-march=armv7-m'
 /usr/lib/gcc/arm-none-eabi/9.2.1/collect2 -plugin /usr/lib/gcc/arm-none-eabi/9.2.1/liblto_plugin.so -plugin-opt=/usr/lib/gcc/arm-none-eabi/9.2.1/lto-wrapper -plugin-opt=-fresolution=/tmp/ccg8wWND.res -plugin-opt=-pass-through=-lgcc -plugin-opt=-pass-through=-lg -plugin-opt=-pass-through=-lc -X -o cmTC_09418 /usr/lib/gcc/arm-none-eabi/9.2.1/thumb/v7-m/nofp/crti.o /usr/lib/gcc/arm-none-eabi/9.2.1/thumb/v7-m/nofp/crtbegin.o /usr/lib/gcc/arm-none-eabi/9.2.1/../../../arm-none-eabi/lib/thumb/v7-m/nofp/crt0.o -L/usr/lib/gcc/arm-none-eabi/9.2.1/thumb/v7-m/nofp -L/usr/lib/gcc/arm-none-eabi/9.2.1/../../../arm-none-eabi/lib/thumb/v7-m/nofp -L/usr/lib/gcc/arm-none-eabi/9.2.1 -L/usr/lib/gcc/arm-none-eabi/9.2.1/../../../arm-none-eabi/lib -Map=.map -gc-sections --print-memory-usage CMakeFiles/cmTC_09418.dir/CMakeCCompilerABI.c.obj --start-group -lgcc -lg -lc --end-group /usr/lib/gcc/arm-none-eabi/9.2.1/thumb/v7-m/nofp/crtend.o /usr/lib/gcc/arm-none-eabi/9.2.1/thumb/v7-m/nofp/crtn.o -T /home/evg/SOFT/Github/GIT/11_Converter/STM32F103/stm32f103rct6.ld
/usr/lib/gcc/arm-none-eabi/9.2.1/../../../arm-none-eabi/bin/ld: cannot open linker script file /home/evg/SOFT/Github/GIT/11_Converter/STM32F103/stm32f103rct6.ld: No such file or directory
collect2: error: ld returned 1 exit status
make[1]: *** [CMakeFiles/cmTC_09418.dir/build.make:99: cmTC_09418] Error 1
make[1]: Leaving directory '/home/evg/SOFT/Github/GIT/11_Converter/STM32F103/build/CMakeFiles/CMakeTmp'
make: *** [Makefile:127: cmTC_09418/fast] Error 2




Detecting CXX compiler ABI info failed to compile with the following output:
Change Dir: /home/evg/SOFT/Github/GIT/11_Converter/STM32F103/build/CMakeFiles/CMakeTmp

Run Build Command(s):/usr/bin/make -f Makefile cmTC_d0f6f/fast && /usr/bin/make  -f CMakeFiles/cmTC_d0f6f.dir/build.make CMakeFiles/cmTC_d0f6f.dir/build
make[1]: Entering directory '/home/evg/SOFT/Github/GIT/11_Converter/STM32F103/build/CMakeFiles/CMakeTmp'
Building CXX object CMakeFiles/cmTC_d0f6f.dir/CMakeCXXCompilerABI.cpp.obj
/usr/bin/arm-none-eabi-g++   -mcpu=cortex-m3          -mthumb     -mthumb-interwork     -ffunction-sections     -fdata-sections     -g     -fno-common     -fmessage-length=0     -Xlinker -Map=.map      -std=c++11    -v -o CMakeFiles/cmTC_d0f6f.dir/CMakeCXXCompilerABI.cpp.obj -c /home/evg/Qt/Tools/CMake/share/cmake-3.21/Modules/CMakeCXXCompilerABI.cpp
Using built-in specs.
COLLECT_GCC=/usr/bin/arm-none-eabi-g++
Target: arm-none-eabi
Configured with: ../configure --build=x86_64-linux-gnu --prefix=/usr --includedir='/usr/lib/include' --mandir='/usr/lib/share/man' --infodir='/usr/lib/share/info' --sysconfdir=/etc --localstatedir=/var --disable-silent-rules --libdir='/usr/lib/lib/x86_64-linux-gnu' --libexecdir='/usr/lib/lib/x86_64-linux-gnu' --disable-maintainer-mode --disable-dependency-tracking --mandir=/usr/share/man --enable-languages=c,c++,lto --enable-multilib --disable-decimal-float --disable-libffi --disable-libgomp --disable-libmudflap --disable-libquadmath --disable-libssp --disable-libstdcxx-pch --disable-nls --disable-shared --disable-threads --enable-tls --build=x86_64-linux-gnu --target=arm-none-eabi --with-system-zlib --with-gnu-as --with-gnu-ld --with-pkgversion=15:9-2019-q4-0ubuntu1 --without-included-gettext --prefix=/usr/lib --infodir=/usr/share/doc/gcc-arm-none-eabi/info --htmldir=/usr/share/doc/gcc-arm-none-eabi/html --pdfdir=/usr/share/doc/gcc-arm-none-eabi/pdf --bindir=/usr/bin --libexecdir=/usr/lib --libdir=/usr/lib --disable-libstdc++-v3 --host=x86_64-linux-gnu --with-headers=no --without-newlib --with-multilib-list=rmprofile CFLAGS='-g -O2 -fdebug-prefix-map=/build/gcc-arm-none-eabi-Gl9kT9/gcc-arm-none-eabi-9-2019-q4=. -fstack-protector-strong' CPPFLAGS='-Wdate-time -D_FORTIFY_SOURCE=2' CXXFLAGS='-g -O2 -fdebug-prefix-map=/build/gcc-arm-none-eabi-Gl9kT9/gcc-arm-none-eabi-9-2019-q4=. -fstack-protector-strong' FCFLAGS='-g -O2 -fdebug-prefix-map=/build/gcc-arm-none-eabi-Gl9kT9/gcc-arm-none-eabi-9-2019-q4=. -fstack-protector-strong' FFLAGS='-g -O2 -fdebug-prefix-map=/build/gcc-arm-none-eabi-Gl9kT9/gcc-arm-none-eabi-9-2019-q4=. -fstack-protector-strong' GCJFLAGS='-g -O2 -fdebug-prefix-map=/build/gcc-arm-none-eabi-Gl9kT9/gcc-arm-none-eabi-9-2019-q4=. -fstack-protector-strong' LDFLAGS='-Wl,-Bsymbolic-functions -Wl,-z,relro' OBJCFLAGS='-g -O2 -fdebug-prefix-map=/build/gcc-arm-none-eabi-Gl9kT9/gcc-arm-none-eabi-9-2019-q4=. -fstack-protector-strong' OBJCXXFLAGS='-g -O2 -fdebug-prefix-map=/build/gcc-arm-none-eabi-Gl9kT9/gcc-arm-none-eabi-9-2019-q4=. -fstack-protector-strong' INHIBIT_LIBC_CFLAGS=-DUSE_TM_CLONE_REGISTRY=0 AR_FOR_TARGET=arm-none-eabi-ar AS_FOR_TARGET=arm-none-eabi-as LD_FOR_TARGET=arm-none-eabi-ld NM_FOR_TARGET=arm-none-eabi-nm OBJDUMP_FOR_TARGET=arm-none-eabi-objdump RANLIB_FOR_TARGET=arm-none-eabi-ranlib READELF_FOR_TARGET=arm-none-eabi-readelf STRIP_FOR_TARGET=arm-none-eabi-strip
Thread model: single
gcc version 9.2.1 20191025 (release) [ARM/arm-9-branch revision 277599] (15:9-2019-q4-0ubuntu1) 
COLLECT_GCC_OPTIONS='-mcpu=cortex-m3' '-mthumb' '-mthumb-interwork' '-ffunction-sections' '-fdata-sections' '-g' '-fno-common' '-fmessage-length=0' '-std=c++11' '-v' '-o' 'CMakeFiles/cmTC_d0f6f.dir/CMakeCXXCompilerABI.cpp.obj' '-c' '-mfloat-abi=soft' '-march=armv7-m'
 /usr/lib/gcc/arm-none-eabi/9.2.1/cc1plus -quiet -v -imultilib thumb/v7-m/nofp -D__USES_INITFINI__ /home/evg/Qt/Tools/CMake/share/cmake-3.21/Modules/CMakeCXXCompilerABI.cpp -quiet -dumpbase CMakeCXXCompilerABI.cpp -mcpu=cortex-m3 -mthumb -mthumb-interwork -mfloat-abi=soft -march=armv7-m -auxbase-strip CMakeFiles/cmTC_d0f6f.dir/CMakeCXXCompilerABI.cpp.obj -g -std=c++11 -version -ffunction-sections -fdata-sections -fno-common -fmessage-length=0 -o /tmp/ccV4j03b.s
GNU C++11 (15:9-2019-q4-0ubuntu1) version 9.2.1 20191025 (release) [ARM/arm-9-branch revision 277599] (arm-none-eabi)
	compiled by GNU C version 9.2.1 20200306, GMP version 6.2.0, MPFR version 4.0.2, MPC version 1.1.0, isl version isl-0.22.1-GMP

GGC heuristics: --param ggc-min-expand=100 --param ggc-min-heapsize=131072
ignoring nonexistent directory "/usr/lib/gcc/arm-none-eabi/9.2.1/../../../arm-none-eabi/sys-include"
#include "..." search starts here:
#include <...> search starts here:
 /usr/lib/gcc/arm-none-eabi/9.2.1/../../../arm-none-eabi/include/c++/9.2.1
 /usr/lib/gcc/arm-none-eabi/9.2.1/../../../arm-none-eabi/include/c++/9.2.1/arm-none-eabi/thumb/v7-m/nofp
 /usr/lib/gcc/arm-none-eabi/9.2.1/../../../arm-none-eabi/include/c++/9.2.1/backward
 /usr/lib/gcc/arm-none-eabi/9.2.1/include
 /usr/lib/gcc/arm-none-eabi/9.2.1/include-fixed
 /usr/lib/gcc/arm-none-eabi/9.2.1/../../../arm-none-eabi/include
End of search list.
GNU C++11 (15:9-2019-q4-0ubuntu1) version 9.2.1 20191025 (release) [ARM/arm-9-branch revision 277599] (arm-none-eabi)
	compiled by GNU C version 9.2.1 20200306, GMP version 6.2.0, MPFR version 4.0.2, MPC version 1.1.0, isl version isl-0.22.1-GMP

GGC heuristics: --param ggc-min-expand=100 --param ggc-min-heapsize=131072
Compiler executable checksum: 436e93aa8fa680a3cfe96e9899888e8f
COLLECT_GCC_OPTIONS='-mcpu=cortex-m3' '-mthumb' '-mthumb-interwork' '-ffunction-sections' '-fdata-sections' '-g' '-fno-common' '-fmessage-length=0' '-std=c++11' '-v' '-o' 'CMakeFiles/cmTC_d0f6f.dir/CMakeCXXCompilerABI.cpp.obj' '-c' '-mfloat-abi=soft' '-march=armv7-m'
 /usr/lib/gcc/arm-none-eabi/9.2.1/../../../arm-none-eabi/bin/as -v -march=armv7-m -mthumb-interwork -mfloat-abi=soft -meabi=5 -o CMakeFiles/cmTC_d0f6f.dir/CMakeCXXCompilerABI.cpp.obj /tmp/ccV4j03b.s
GNU assembler version 2.34 (arm-none-eabi) using BFD version (2.34-4ubuntu1+13ubuntu1) 2.34
COMPILER_PATH=/usr/lib/gcc/arm-none-eabi/9.2.1/:/usr/lib/gcc/arm-none-eabi/9.2.1/:/usr/lib/gcc/arm-none-eabi/:/usr/lib/gcc/arm-none-eabi/9.2.1/:/usr/lib/gcc/arm-none-eabi/:/usr/lib/gcc/arm-none-eabi/9.2.1/../../../arm-none-eabi/bin/
LIBRARY_PATH=/usr/lib/gcc/arm-none-eabi/9.2.1/thumb/v7-m/nofp/:/usr/lib/gcc/arm-none-eabi/9.2.1/../../../arm-none-eabi/lib/thumb/v7-m/nofp/:/usr/lib/gcc/arm-none-eabi/9.2.1/:/usr/lib/gcc/arm-none-eabi/9.2.1/../../../arm-none-eabi/lib/
COLLECT_GCC_OPTIONS='-mcpu=cortex-m3' '-mthumb' '-mthumb-interwork' '-ffunction-sections' '-fdata-sections' '-g' '-fno-common' '-fmessage-length=0' '-std=c++11' '-v' '-o' 'CMakeFiles/cmTC_d0f6f.dir/CMakeCXXCompilerABI.cpp.obj' '-c' '-mfloat-abi=soft' '-march=armv7-m'
Linking CXX executable cmTC_d0f6f
/home/evg/Qt/Tools/CMake/bin/cmake -E cmake_link_script CMakeFiles/cmTC_d0f6f.dir/link.txt --verbose=1
/usr/bin/arm-none-eabi-g++ -mcpu=cortex-m3          -mthumb     -mthumb-interwork     -ffunction-sections     -fdata-sections     -g     -fno-common     -fmessage-length=0     -Xlinker -Map=.map      -std=c++11  -Wl,-gc-sections,--print-memory-usage     -T /home/evg/SOFT/Github/GIT/11_Converter/STM32F103/stm32f103rct6.ld -v CMakeFiles/cmTC_d0f6f.dir/CMakeCXXCompilerABI.cpp.obj -o cmTC_d0f6f 
Using built-in specs.
COLLECT_GCC=/usr/bin/arm-none-eabi-g++
COLLECT_LTO_WRAPPER=/usr/lib/gcc/arm-none-eabi/9.2.1/lto-wrapper
Target: arm-none-eabi
Configured with: ../configure --build=x86_64-linux-gnu --prefix=/usr --includedir='/usr/lib/include' --mandir='/usr/lib/share/man' --infodir='/usr/lib/share/info' --sysconfdir=/etc --localstatedir=/var --disable-silent-rules --libdir='/usr/lib/lib/x86_64-linux-gnu' --libexecdir='/usr/lib/lib/x86_64-linux-gnu' --disable-maintainer-mode --disable-dependency-tracking --mandir=/usr/share/man --enable-languages=c,c++,lto --enable-multilib --disable-decimal-float --disable-libffi --disable-libgomp --disable-libmudflap --disable-libquadmath --disable-libssp --disable-libstdcxx-pch --disable-nls --disable-shared --disable-threads --enable-tls --build=x86_64-linux-gnu --target=arm-none-eabi --with-system-zlib --with-gnu-as --with-gnu-ld --with-pkgversion=15:9-2019-q4-0ubuntu1 --without-included-gettext --prefix=/usr/lib --infodir=/usr/share/doc/gcc-arm-none-eabi/info --htmldir=/usr/share/doc/gcc-arm-none-eabi/html --pdfdir=/usr/share/doc/gcc-arm-none-eabi/pdf --bindir=/usr/bin --libexecdir=/usr/lib --libdir=/usr/lib --disable-libstdc++-v3 --host=x86_64-linux-gnu --with-headers=no --without-newlib --with-multilib-list=rmprofile CFLAGS='-g -O2 -fdebug-prefix-map=/build/gcc-arm-none-eabi-Gl9kT9/gcc-arm-none-eabi-9-2019-q4=. -fstack-protector-strong' CPPFLAGS='-Wdate-time -D_FORTIFY_SOURCE=2' CXXFLAGS='-g -O2 -fdebug-prefix-map=/build/gcc-arm-none-eabi-Gl9kT9/gcc-arm-none-eabi-9-2019-q4=. -fstack-protector-strong' FCFLAGS='-g -O2 -fdebug-prefix-map=/build/gcc-arm-none-eabi-Gl9kT9/gcc-arm-none-eabi-9-2019-q4=. -fstack-protector-strong' FFLAGS='-g -O2 -fdebug-prefix-map=/build/gcc-arm-none-eabi-Gl9kT9/gcc-arm-none-eabi-9-2019-q4=. -fstack-protector-strong' GCJFLAGS='-g -O2 -fdebug-prefix-map=/build/gcc-arm-none-eabi-Gl9kT9/gcc-arm-none-eabi-9-2019-q4=. -fstack-protector-strong' LDFLAGS='-Wl,-Bsymbolic-functions -Wl,-z,relro' OBJCFLAGS='-g -O2 -fdebug-prefix-map=/build/gcc-arm-none-eabi-Gl9kT9/gcc-arm-none-eabi-9-2019-q4=. -fstack-protector-strong' OBJCXXFLAGS='-g -O2 -fdebug-prefix-map=/build/gcc-arm-none-eabi-Gl9kT9/gcc-arm-none-eabi-9-2019-q4=. -fstack-protector-strong' INHIBIT_LIBC_CFLAGS=-DUSE_TM_CLONE_REGISTRY=0 AR_FOR_TARGET=arm-none-eabi-ar AS_FOR_TARGET=arm-none-eabi-as LD_FOR_TARGET=arm-none-eabi-ld NM_FOR_TARGET=arm-none-eabi-nm OBJDUMP_FOR_TARGET=arm-none-eabi-objdump RANLIB_FOR_TARGET=arm-none-eabi-ranlib READELF_FOR_TARGET=arm-none-eabi-readelf STRIP_FOR_TARGET=arm-none-eabi-strip
Thread model: single
gcc version 9.2.1 20191025 (release) [ARM/arm-9-branch revision 277599] (15:9-2019-q4-0ubuntu1) 
COMPILER_PATH=/usr/lib/gcc/arm-none-eabi/9.2.1/:/usr/lib/gcc/arm-none-eabi/9.2.1/:/usr/lib/gcc/arm-none-eabi/:/usr/lib/gcc/arm-none-eabi/9.2.1/:/usr/lib/gcc/arm-none-eabi/:/usr/lib/gcc/arm-none-eabi/9.2.1/../../../arm-none-eabi/bin/
LIBRARY_PATH=/usr/lib/gcc/arm-none-eabi/9.2.1/thumb/v7-m/nofp/:/usr/lib/gcc/arm-none-eabi/9.2.1/../../../arm-none-eabi/lib/thumb/v7-m/nofp/:/usr/lib/gcc/arm-none-eabi/9.2.1/:/usr/lib/gcc/arm-none-eabi/9.2.1/../../../arm-none-eabi/lib/
COLLECT_GCC_OPTIONS='-mcpu=cortex-m3' '-mthumb' '-mthumb-interwork' '-ffunction-sections' '-fdata-sections' '-g' '-fno-common' '-fmessage-length=0' '-std=c++11' '-T' '/home/evg/SOFT/Github/GIT/11_Converter/STM32F103/stm32f103rct6.ld' '-v' '-o' 'cmTC_d0f6f' '-mfloat-abi=soft' '-march=armv7-m'
 /usr/lib/gcc/arm-none-eabi/9.2.1/collect2 -plugin /usr/lib/gcc/arm-none-eabi/9.2.1/liblto_plugin.so -plugin-opt=/usr/lib/gcc/arm-none-eabi/9.2.1/lto-wrapper -plugin-opt=-fresolution=/tmp/cctM70KE.res -plugin-opt=-pass-through=-lgcc -plugin-opt=-pass-through=-lg -plugin-opt=-pass-through=-lc -X -o cmTC_d0f6f /usr/lib/gcc/arm-none-eabi/9.2.1/thumb/v7-m/nofp/crti.o /usr/lib/gcc/arm-none-eabi/9.2.1/thumb/v7-m/nofp/crtbegin.o /usr/lib/gcc/arm-none-eabi/9.2.1/../../../arm-none-eabi/lib/thumb/v7-m/nofp/crt0.o -L/usr/lib/gcc/arm-none-eabi/9.2.1/thumb/v7-m/nofp -L/usr/lib/gcc/arm-none-eabi/9.2.1/../../../arm-none-eabi/lib/thumb/v7-m/nofp -L/usr/lib/gcc/arm-none-eabi/9.2.1 -L/usr/lib/gcc/arm-none-eabi/9.2.1/../../../arm-none-eabi/lib -Map=.map -gc-sections --print-memory-usage CMakeFiles/cmTC_d0f6f.dir/CMakeCXXCompilerABI.cpp.obj -lstdc++ -lm --start-group -lgcc -lg -lc --end-group /usr/lib/gcc/arm-none-eabi/9.2.1/thumb/v7-m/nofp/crtend.o /usr/lib/gcc/arm-none-eabi/9.2.1/thumb/v7-m/nofp/crtn.o -T /home/evg/SOFT/Github/GIT/11_Converter/STM32F103/stm32f103rct6.ld
/usr/lib/gcc/arm-none-eabi/9.2.1/../../../arm-none-eabi/bin/ld: cannot open linker script file /home/evg/SOFT/Github/GIT/11_Converter/STM32F103/stm32f103rct6.ld: No such file or directory
collect2: error: ld returned 1 exit status
make[1]: *** [CMakeFiles/cmTC_d0f6f.dir/build.make:99: cmTC_d0f6f] Error 1
make[1]: Leaving directory '/home/evg/SOFT/Github/GIT/11_Converter/STM32F103/build/CMakeFiles/CMakeTmp'
make: *** [Makefile:127: cmTC_d0f6f/fast] Error 2




