P-CAD Gerber Output Error Log

======================================================================

S:\Проекты\GIT\R_DX_DXE_взрывозащищенный_пульт\Pcb\Pcad\gerber0\M_RPL_
9092_R1.GTL:
File Finished:
Errors: 0
Warnings: 0

S:\Проекты\GIT\R_DX_DXE_взрывозащищенный_пульт\Pcb\Pcad\gerber0\M_RPL_
9092_R1.GBL:
File Finished:
Errors: 0
Warnings: 0

S:\Проекты\GIT\R_DX_DXE_взрывозащищенный_пульт\Pcb\Pcad\gerber0\M_RPL_
9092_R1.GTS:
File Finished:
Errors: 0
Warnings: 0

S:\Проекты\GIT\R_DX_DXE_взрывозащищенный_пульт\Pcb\Pcad\gerber0\M_RPL_
9092_R1.GBS:
File Finished:
Errors: 0
Warnings: 0

S:\Проекты\GIT\R_DX_DXE_взрывозащищенный_пульт\Pcb\Pcad\gerber0\M_RPL_
9092_R1.GTO:
File Finished:
Errors: 0
Warnings: 0

S:\Проекты\GIT\R_DX_DXE_взрывозащищенный_пульт\Pcb\Pcad\gerber0\M_RPL_
9092_R1.GBO:
File Finished:
Errors: 0
Warnings: 0

S:\Проекты\GIT\R_DX_DXE_взрывозащищенный_пульт\Pcb\Pcad\gerber0\M_RPL_
9092_R1.BRD:
File Finished:
Errors: 0
Warnings: 0

Output Finished:
Errors: 0
Warnings: 0
Files: 7
