S:\Проекты\GIT\R_DX_DXE_взрывозащищенный_пульт\Pcb\Pcad\gerber0\M_RPL_
9092_R2.GTL:
File Finished:
Errors: 0
Warnings: 0

S:\Проекты\GIT\R_DX_DXE_взрывозащищенный_пульт\Pcb\Pcad\gerber0\M_RPL_
9092_R2.GBL:
File Finished:
Errors: 0
Warnings: 0

S:\Проекты\GIT\R_DX_DXE_взрывозащищенный_пульт\Pcb\Pcad\gerber0\M_RPL_
9092_R2.GTS:
File Finished:
Errors: 0
Warnings: 0

S:\Проекты\GIT\R_DX_DXE_взрывозащищенный_пульт\Pcb\Pcad\gerber0\M_RPL_
9092_R2.GBS:
File Finished:
Errors: 0
Warnings: 0

S:\Проекты\GIT\R_DX_DXE_взрывозащищенный_пульт\Pcb\Pcad\gerber0\M_RPL_
9092_R2.GTO:
File Finished:
Errors: 0
Warnings: 0

S:\Проекты\GIT\R_DX_DXE_взрывозащищенный_пульт\Pcb\Pcad\gerber0\M_RPL_
9092_R2.GBO:
File Finished:
Errors: 0
Warnings: 0

S:\Проекты\GIT\R_DX_DXE_взрывозащищенный_пульт\Pcb\Pcad\gerber0\M_RPL_
9092_R2.BRD:
File Finished:
Errors: 0
Warnings: 0

Output Finished:
Errors: 0
Warnings: 0
Files: 7
